{"/Users/ramerman/dev/solution-explorer/viewer/src/store.ts": {"path":"/Users/ramerman/dev/solution-explorer/viewer/src/store.ts","statementMap":{"0":{"start":{"line":21,"column":22},"end":{"line":21,"column":null}},"1":{"start":{"line":24,"column":2},"end":{"line":31,"column":null}},"2":{"start":{"line":25,"column":19},"end":{"line":25,"column":null}},"3":{"start":{"line":26,"column":4},"end":{"line":28,"column":null}},"4":{"start":{"line":27,"column":6},"end":{"line":27,"column":null}},"5":{"start":{"line":33,"column":2},"end":{"line":33,"column":null}},"6":{"start":{"line":37,"column":2},"end":{"line":41,"column":null}},"7":{"start":{"line":38,"column":4},"end":{"line":38,"column":null}},"8":{"start":{"line":132,"column":2},"end":{"line":136,"column":null}},"9":{"start":{"line":133,"column":4},"end":{"line":133,"column":null}},"10":{"start":{"line":133,"column":24},"end":{"line":133,"column":null}},"11":{"start":{"line":134,"column":18},"end":{"line":134,"column":null}},"12":{"start":{"line":135,"column":4},"end":{"line":135,"column":null}},"13":{"start":{"line":135,"column":15},"end":{"line":135,"column":null}},"14":{"start":{"line":137,"column":2},"end":{"line":137,"column":null}},"15":{"start":{"line":141,"column":16},"end":{"line":141,"column":null}},"16":{"start":{"line":143,"column":4},"end":{"line":146,"column":null}},"17":{"start":{"line":144,"column":6},"end":{"line":144,"column":null}},"18":{"start":{"line":145,"column":6},"end":{"line":145,"column":null}},"19":{"start":{"line":148,"column":2},"end":{"line":148,"column":null}},"20":{"start":{"line":149,"column":2},"end":{"line":149,"column":null}},"21":{"start":{"line":153,"column":2},"end":{"line":159,"column":null}},"22":{"start":{"line":154,"column":4},"end":{"line":156,"column":null}},"23":{"start":{"line":155,"column":6},"end":{"line":155,"column":null}},"24":{"start":{"line":155,"column":33},"end":{"line":155,"column":null}},"25":{"start":{"line":157,"column":18},"end":{"line":157,"column":null}},"26":{"start":{"line":158,"column":4},"end":{"line":158,"column":null}},"27":{"start":{"line":158,"column":15},"end":{"line":158,"column":null}},"28":{"start":{"line":160,"column":2},"end":{"line":160,"column":null}},"29":{"start":{"line":164,"column":34},"end":{"line":164,"column":null}},"30":{"start":{"line":167,"column":4},"end":{"line":174,"column":null}},"31":{"start":{"line":168,"column":22},"end":{"line":168,"column":null}},"32":{"start":{"line":169,"column":6},"end":{"line":172,"column":null}},"33":{"start":{"line":170,"column":8},"end":{"line":170,"column":null}},"34":{"start":{"line":171,"column":8},"end":{"line":171,"column":null}},"35":{"start":{"line":173,"column":6},"end":{"line":173,"column":null}},"36":{"start":{"line":173,"column":42},"end":{"line":173,"column":null}},"37":{"start":{"line":175,"column":4},"end":{"line":175,"column":null}},"38":{"start":{"line":178,"column":2},"end":{"line":178,"column":null}},"39":{"start":{"line":179,"column":2},"end":{"line":179,"column":null}},"40":{"start":{"line":182,"column":13},"end":{"line":539,"column":null}},"41":{"start":{"line":182,"column":61},"end":{"line":539,"column":2}},"42":{"start":{"line":214,"column":29},"end":{"line":214,"column":null}},"43":{"start":{"line":215,"column":27},"end":{"line":215,"column":null}},"44":{"start":{"line":216,"column":23},"end":{"line":216,"column":null}},"45":{"start":{"line":219,"column":17},"end":{"line":219,"column":null}},"46":{"start":{"line":220,"column":4},"end":{"line":223,"column":null}},"47":{"start":{"line":221,"column":6},"end":{"line":221,"column":null}},"48":{"start":{"line":222,"column":6},"end":{"line":222,"column":null}},"49":{"start":{"line":224,"column":17},"end":{"line":224,"column":null}},"50":{"start":{"line":225,"column":4},"end":{"line":238,"column":null}},"51":{"start":{"line":226,"column":6},"end":{"line":237,"column":null}},"52":{"start":{"line":227,"column":8},"end":{"line":230,"column":null}},"53":{"start":{"line":232,"column":8},"end":{"line":236,"column":null}},"54":{"start":{"line":242,"column":17},"end":{"line":242,"column":null}},"55":{"start":{"line":243,"column":4},"end":{"line":243,"column":null}},"56":{"start":{"line":243,"column":15},"end":{"line":243,"column":null}},"57":{"start":{"line":244,"column":4},"end":{"line":244,"column":null}},"58":{"start":{"line":244,"column":73},"end":{"line":244,"column":null}},"59":{"start":{"line":246,"column":19},"end":{"line":246,"column":null}},"60":{"start":{"line":247,"column":4},"end":{"line":252,"column":null}},"61":{"start":{"line":256,"column":42},"end":{"line":256,"column":null}},"62":{"start":{"line":257,"column":4},"end":{"line":260,"column":null}},"63":{"start":{"line":258,"column":6},"end":{"line":258,"column":null}},"64":{"start":{"line":259,"column":6},"end":{"line":259,"column":null}},"65":{"start":{"line":261,"column":19},"end":{"line":261,"column":null}},"66":{"start":{"line":262,"column":22},"end":{"line":262,"column":null}},"67":{"start":{"line":263,"column":4},"end":{"line":267,"column":null}},"68":{"start":{"line":271,"column":28},"end":{"line":271,"column":null}},"69":{"start":{"line":272,"column":4},"end":{"line":275,"column":null}},"70":{"start":{"line":273,"column":6},"end":{"line":273,"column":null}},"71":{"start":{"line":274,"column":6},"end":{"line":274,"column":null}},"72":{"start":{"line":276,"column":18},"end":{"line":276,"column":null}},"73":{"start":{"line":277,"column":4},"end":{"line":281,"column":null}},"74":{"start":{"line":284,"column":25},"end":{"line":284,"column":null}},"75":{"start":{"line":285,"column":29},"end":{"line":285,"column":null}},"76":{"start":{"line":288,"column":4},"end":{"line":288,"column":null}},"77":{"start":{"line":290,"column":21},"end":{"line":290,"column":null}},"78":{"start":{"line":292,"column":27},"end":{"line":292,"column":null}},"79":{"start":{"line":293,"column":29},"end":{"line":293,"column":null}},"80":{"start":{"line":295,"column":24},"end":{"line":299,"column":null}},"81":{"start":{"line":296,"column":21},"end":{"line":296,"column":null}},"82":{"start":{"line":297,"column":4},"end":{"line":297,"column":null}},"83":{"start":{"line":298,"column":4},"end":{"line":298,"column":null}},"84":{"start":{"line":301,"column":26},"end":{"line":306,"column":null}},"85":{"start":{"line":301,"column":38},"end":{"line":306,"column":4}},"86":{"start":{"line":308,"column":34},"end":{"line":308,"column":null}},"87":{"start":{"line":310,"column":35},"end":{"line":313,"column":null}},"88":{"start":{"line":315,"column":103},"end":{"line":339,"column":null}},"89":{"start":{"line":316,"column":26},"end":{"line":316,"column":null}},"90":{"start":{"line":317,"column":28},"end":{"line":317,"column":null}},"91":{"start":{"line":319,"column":21},"end":{"line":321,"column":null}},"92":{"start":{"line":320,"column":36},"end":{"line":320,"column":100}},"93":{"start":{"line":321,"column":36},"end":{"line":321,"column":98}},"94":{"start":{"line":322,"column":4},"end":{"line":338,"column":null}},"95":{"start":{"line":341,"column":34},"end":{"line":343,"column":null}},"96":{"start":{"line":341,"column":46},"end":{"line":343,"column":4}},"97":{"start":{"line":342,"column":42},"end":{"line":342,"column":74}},"98":{"start":{"line":345,"column":28},"end":{"line":347,"column":null}},"99":{"start":{"line":345,"column":40},"end":{"line":347,"column":4}},"100":{"start":{"line":346,"column":45},"end":{"line":346,"column":56}},"101":{"start":{"line":349,"column":29},"end":{"line":349,"column":null}},"102":{"start":{"line":351,"column":26},"end":{"line":351,"column":null}},"103":{"start":{"line":352,"column":29},"end":{"line":352,"column":null}},"104":{"start":{"line":353,"column":31},"end":{"line":353,"column":null}},"105":{"start":{"line":354,"column":36},"end":{"line":354,"column":null}},"106":{"start":{"line":357,"column":17},"end":{"line":357,"column":null}},"107":{"start":{"line":358,"column":4},"end":{"line":361,"column":null}},"108":{"start":{"line":359,"column":6},"end":{"line":359,"column":null}},"109":{"start":{"line":360,"column":6},"end":{"line":360,"column":null}},"110":{"start":{"line":364,"column":18},"end":{"line":364,"column":null}},"111":{"start":{"line":367,"column":30},"end":{"line":367,"column":null}},"112":{"start":{"line":368,"column":25},"end":{"line":368,"column":null}},"113":{"start":{"line":371,"column":4},"end":{"line":379,"column":null}},"114":{"start":{"line":372,"column":19},"end":{"line":372,"column":null}},"115":{"start":{"line":373,"column":6},"end":{"line":378,"column":null}},"116":{"start":{"line":374,"column":8},"end":{"line":377,"column":null}},"117":{"start":{"line":382,"column":38},"end":{"line":391,"column":null}},"118":{"start":{"line":393,"column":4},"end":{"line":393,"column":null}},"119":{"start":{"line":397,"column":17},"end":{"line":397,"column":null}},"120":{"start":{"line":398,"column":4},"end":{"line":398,"column":null}},"121":{"start":{"line":398,"column":15},"end":{"line":398,"column":null}},"122":{"start":{"line":400,"column":17},"end":{"line":400,"column":null}},"123":{"start":{"line":401,"column":4},"end":{"line":401,"column":null}},"124":{"start":{"line":401,"column":15},"end":{"line":401,"column":null}},"125":{"start":{"line":404,"column":21},"end":{"line":404,"column":null}},"126":{"start":{"line":406,"column":4},"end":{"line":428,"column":null}},"127":{"start":{"line":408,"column":21},"end":{"line":408,"column":null}},"128":{"start":{"line":409,"column":6},"end":{"line":418,"column":null}},"129":{"start":{"line":410,"column":23},"end":{"line":410,"column":null}},"130":{"start":{"line":411,"column":8},"end":{"line":417,"column":null}},"131":{"start":{"line":421,"column":6},"end":{"line":427,"column":null}},"132":{"start":{"line":432,"column":4},"end":{"line":432,"column":null}},"133":{"start":{"line":432,"column":43},"end":{"line":432,"column":72}},"134":{"start":{"line":436,"column":4},"end":{"line":436,"column":null}},"135":{"start":{"line":436,"column":43},"end":{"line":436,"column":97}},"136":{"start":{"line":441,"column":19},"end":{"line":441,"column":null}},"137":{"start":{"line":442,"column":4},"end":{"line":442,"column":null}},"138":{"start":{"line":442,"column":16},"end":{"line":442,"column":null}},"139":{"start":{"line":445,"column":17},"end":{"line":445,"column":null}},"140":{"start":{"line":446,"column":4},"end":{"line":446,"column":null}},"141":{"start":{"line":446,"column":39},"end":{"line":446,"column":null}},"142":{"start":{"line":448,"column":4},"end":{"line":448,"column":null}},"143":{"start":{"line":449,"column":19},"end":{"line":449,"column":null}},"144":{"start":{"line":450,"column":4},"end":{"line":465,"column":null}},"145":{"start":{"line":451,"column":18},"end":{"line":451,"column":null}},"146":{"start":{"line":452,"column":6},"end":{"line":462,"column":null}},"147":{"start":{"line":453,"column":23},"end":{"line":453,"column":null}},"148":{"start":{"line":454,"column":8},"end":{"line":457,"column":null}},"149":{"start":{"line":454,"column":24},"end":{"line":457,"column":10}},"150":{"start":{"line":459,"column":37},"end":{"line":459,"column":null}},"151":{"start":{"line":460,"column":8},"end":{"line":460,"column":null}},"152":{"start":{"line":461,"column":8},"end":{"line":461,"column":null}},"153":{"start":{"line":466,"column":4},"end":{"line":466,"column":null}},"154":{"start":{"line":467,"column":4},"end":{"line":467,"column":null}},"155":{"start":{"line":471,"column":17},"end":{"line":471,"column":null}},"156":{"start":{"line":472,"column":4},"end":{"line":472,"column":null}},"157":{"start":{"line":472,"column":15},"end":{"line":472,"column":null}},"158":{"start":{"line":473,"column":4},"end":{"line":473,"column":null}},"159":{"start":{"line":477,"column":41},"end":{"line":477,"column":null}},"160":{"start":{"line":478,"column":4},"end":{"line":478,"column":null}},"161":{"start":{"line":478,"column":23},"end":{"line":478,"column":null}},"162":{"start":{"line":480,"column":4},"end":{"line":484,"column":null}},"163":{"start":{"line":482,"column":6},"end":{"line":483,"column":null}},"164":{"start":{"line":483,"column":23},"end":{"line":483,"column":43}},"165":{"start":{"line":486,"column":19},"end":{"line":486,"column":null}},"166":{"start":{"line":487,"column":4},"end":{"line":487,"column":null}},"167":{"start":{"line":487,"column":17},"end":{"line":487,"column":null}},"168":{"start":{"line":489,"column":21},"end":{"line":489,"column":null}},"169":{"start":{"line":490,"column":21},"end":{"line":490,"column":null}},"170":{"start":{"line":491,"column":20},"end":{"line":491,"column":null}},"171":{"start":{"line":491,"column":35},"end":{"line":491,"column":59}},"172":{"start":{"line":492,"column":4},"end":{"line":501,"column":null}},"173":{"start":{"line":493,"column":6},"end":{"line":493,"column":null}},"174":{"start":{"line":493,"column":32},"end":{"line":493,"column":null}},"175":{"start":{"line":495,"column":6},"end":{"line":499,"column":null}},"176":{"start":{"line":498,"column":8},"end":{"line":498,"column":null}},"177":{"start":{"line":500,"column":6},"end":{"line":500,"column":null}},"178":{"start":{"line":505,"column":41},"end":{"line":505,"column":null}},"179":{"start":{"line":506,"column":4},"end":{"line":506,"column":null}},"180":{"start":{"line":506,"column":23},"end":{"line":506,"column":null}},"181":{"start":{"line":508,"column":20},"end":{"line":508,"column":null}},"182":{"start":{"line":509,"column":23},"end":{"line":509,"column":null}},"183":{"start":{"line":509,"column":50},"end":{"line":509,"column":54}},"184":{"start":{"line":511,"column":4},"end":{"line":513,"column":null}},"185":{"start":{"line":512,"column":13},"end":{"line":512,"column":null}},"186":{"start":{"line":518,"column":19},"end":{"line":518,"column":null}},"187":{"start":{"line":519,"column":4},"end":{"line":519,"column":null}},"188":{"start":{"line":519,"column":16},"end":{"line":519,"column":null}},"189":{"start":{"line":521,"column":29},"end":{"line":521,"column":null}},"190":{"start":{"line":522,"column":4},"end":{"line":522,"column":null}},"191":{"start":{"line":522,"column":23},"end":{"line":522,"column":null}},"192":{"start":{"line":523,"column":17},"end":{"line":523,"column":null}},"193":{"start":{"line":524,"column":4},"end":{"line":524,"column":null}},"194":{"start":{"line":524,"column":15},"end":{"line":524,"column":null}},"195":{"start":{"line":525,"column":4},"end":{"line":525,"column":null}},"196":{"start":{"line":525,"column":44},"end":{"line":525,"column":71}},"197":{"start":{"line":530,"column":19},"end":{"line":530,"column":null}},"198":{"start":{"line":531,"column":4},"end":{"line":531,"column":null}},"199":{"start":{"line":531,"column":16},"end":{"line":531,"column":null}},"200":{"start":{"line":533,"column":29},"end":{"line":533,"column":null}},"201":{"start":{"line":534,"column":4},"end":{"line":534,"column":null}},"202":{"start":{"line":534,"column":23},"end":{"line":534,"column":null}},"203":{"start":{"line":535,"column":18},"end":{"line":535,"column":null}},"204":{"start":{"line":536,"column":22},"end":{"line":536,"column":null}},"205":{"start":{"line":536,"column":51},"end":{"line":536,"column":60}},"206":{"start":{"line":537,"column":4},"end":{"line":537,"column":null}},"207":{"start":{"line":537,"column":46},"end":{"line":537,"column":65}},"208":{"start":{"line":549,"column":30},"end":{"line":549,"column":null}},"209":{"start":{"line":551,"column":2},"end":{"line":569,"column":null}},"210":{"start":{"line":552,"column":4},"end":{"line":567,"column":null}},"211":{"start":{"line":554,"column":6},"end":{"line":554,"column":null}},"212":{"start":{"line":555,"column":4},"end":{"line":567,"column":null}},"213":{"start":{"line":557,"column":6},"end":{"line":557,"column":null}},"214":{"start":{"line":558,"column":4},"end":{"line":567,"column":null}},"215":{"start":{"line":561,"column":30},"end":{"line":561,"column":null}},"216":{"start":{"line":562,"column":6},"end":{"line":565,"column":null}},"217":{"start":{"line":564,"column":8},"end":{"line":564,"column":null}},"218":{"start":{"line":571,"column":2},"end":{"line":571,"column":null}},"219":{"start":{"line":580,"column":20},"end":{"line":580,"column":null}},"220":{"start":{"line":582,"column":4},"end":{"line":585,"column":null}},"221":{"start":{"line":583,"column":6},"end":{"line":583,"column":null}},"222":{"start":{"line":583,"column":32},"end":{"line":583,"column":null}},"223":{"start":{"line":584,"column":6},"end":{"line":584,"column":null}},"224":{"start":{"line":587,"column":2},"end":{"line":587,"column":null}},"225":{"start":{"line":589,"column":32},"end":{"line":589,"column":null}},"226":{"start":{"line":590,"column":2},"end":{"line":597,"column":null}},"227":{"start":{"line":591,"column":4},"end":{"line":593,"column":null}},"228":{"start":{"line":592,"column":6},"end":{"line":592,"column":null}},"229":{"start":{"line":594,"column":4},"end":{"line":596,"column":null}},"230":{"start":{"line":595,"column":6},"end":{"line":595,"column":null}},"231":{"start":{"line":599,"column":2},"end":{"line":599,"column":null}},"232":{"start":{"line":606,"column":30},"end":{"line":606,"column":null}},"233":{"start":{"line":607,"column":2},"end":{"line":613,"column":null}},"234":{"start":{"line":608,"column":4},"end":{"line":612,"column":null}},"235":{"start":{"line":609,"column":6},"end":{"line":609,"column":null}},"236":{"start":{"line":611,"column":6},"end":{"line":611,"column":null}},"237":{"start":{"line":614,"column":2},"end":{"line":614,"column":null}},"238":{"start":{"line":621,"column":30},"end":{"line":621,"column":null}},"239":{"start":{"line":623,"column":2},"end":{"line":646,"column":null}},"240":{"start":{"line":624,"column":4},"end":{"line":645,"column":null}},"241":{"start":{"line":626,"column":6},"end":{"line":626,"column":null}},"242":{"start":{"line":629,"column":26},"end":{"line":629,"column":null}},"243":{"start":{"line":630,"column":6},"end":{"line":644,"column":null}},"244":{"start":{"line":632,"column":8},"end":{"line":632,"column":null}},"245":{"start":{"line":634,"column":8},"end":{"line":640,"column":null}},"246":{"start":{"line":635,"column":10},"end":{"line":639,"column":null}},"247":{"start":{"line":638,"column":12},"end":{"line":638,"column":null}},"248":{"start":{"line":643,"column":8},"end":{"line":643,"column":null}},"249":{"start":{"line":648,"column":2},"end":{"line":648,"column":null}},"250":{"start":{"line":655,"column":21},"end":{"line":655,"column":null}},"251":{"start":{"line":657,"column":2},"end":{"line":668,"column":null}},"252":{"start":{"line":659,"column":32},"end":{"line":659,"column":null}},"253":{"start":{"line":660,"column":4},"end":{"line":666,"column":null}},"254":{"start":{"line":661,"column":6},"end":{"line":665,"column":null}},"255":{"start":{"line":662,"column":8},"end":{"line":662,"column":null}},"256":{"start":{"line":664,"column":8},"end":{"line":664,"column":null}},"257":{"start":{"line":667,"column":4},"end":{"line":667,"column":null}},"258":{"start":{"line":671,"column":18},"end":{"line":671,"column":null}},"259":{"start":{"line":671,"column":37},"end":{"line":671,"column":63}},"260":{"start":{"line":672,"column":27},"end":{"line":672,"column":null}},"261":{"start":{"line":672,"column":46},"end":{"line":672,"column":72}},"262":{"start":{"line":675,"column":26},"end":{"line":675,"column":null}},"263":{"start":{"line":679,"column":19},"end":{"line":679,"column":null}},"264":{"start":{"line":681,"column":2},"end":{"line":685,"column":null}},"265":{"start":{"line":682,"column":4},"end":{"line":684,"column":null}},"266":{"start":{"line":683,"column":6},"end":{"line":683,"column":null}},"267":{"start":{"line":691,"column":2},"end":{"line":693,"column":null}},"268":{"start":{"line":692,"column":4},"end":{"line":692,"column":null}},"269":{"start":{"line":695,"column":2},"end":{"line":695,"column":null}}},"fnMap":{"0":{"name":"getStoredDarkMode","decl":{"start":{"line":23,"column":9},"end":{"line":23,"column":38}},"loc":{"start":{"line":23,"column":38},"end":{"line":34,"column":null}},"line":23},"1":{"name":"saveStoredDarkMode","decl":{"start":{"line":36,"column":9},"end":{"line":36,"column":28}},"loc":{"start":{"line":36,"column":50},"end":{"line":42,"column":null}},"line":36},"2":{"name":"findComponent","decl":{"start":{"line":131,"column":9},"end":{"line":131,"column":23}},"loc":{"start":{"line":131,"column":78},"end":{"line":138,"column":null}},"line":131},"3":{"name":"buildComponentIndex","decl":{"start":{"line":140,"column":9},"end":{"line":140,"column":29}},"loc":{"start":{"line":140,"column":78},"end":{"line":150,"column":null}},"line":140},"4":{"name":"walk","decl":{"start":{"line":142,"column":11},"end":{"line":142,"column":16}},"loc":{"start":{"line":142,"column":36},"end":{"line":147,"column":null}},"line":142},"5":{"name":"findParentId","decl":{"start":{"line":152,"column":9},"end":{"line":152,"column":22}},"loc":{"start":{"line":152,"column":80},"end":{"line":161,"column":null}},"line":152},"6":{"name":"buildBreadcrumbs","decl":{"start":{"line":163,"column":9},"end":{"line":163,"column":26}},"loc":{"start":{"line":163,"column":87},"end":{"line":180,"column":null}},"line":163},"7":{"name":"search","decl":{"start":{"line":166,"column":11},"end":{"line":166,"column":18}},"loc":{"start":{"line":166,"column":71},"end":{"line":176,"column":null}},"line":166},"8":{"name":"(anonymous_8)","decl":{"start":{"line":182,"column":46},"end":{"line":182,"column":47}},"loc":{"start":{"line":182,"column":61},"end":{"line":539,"column":2}},"line":182},"9":{"name":"(anonymous_9)","decl":{"start":{"line":214,"column":19},"end":{"line":214,"column":20}},"loc":{"start":{"line":214,"column":29},"end":{"line":214,"column":null}},"line":214},"10":{"name":"(anonymous_10)","decl":{"start":{"line":215,"column":14},"end":{"line":215,"column":15}},"loc":{"start":{"line":215,"column":27},"end":{"line":215,"column":null}},"line":215},"11":{"name":"(anonymous_11)","decl":{"start":{"line":216,"column":12},"end":{"line":216,"column":13}},"loc":{"start":{"line":216,"column":23},"end":{"line":216,"column":null}},"line":216},"12":{"name":"(anonymous_12)","decl":{"start":{"line":218,"column":19},"end":{"line":218,"column":20}},"loc":{"start":{"line":218,"column":27},"end":{"line":239,"column":null}},"line":218},"13":{"name":"(anonymous_13)","decl":{"start":{"line":241,"column":13},"end":{"line":241,"column":14}},"loc":{"start":{"line":241,"column":28},"end":{"line":253,"column":null}},"line":241},"14":{"name":"(anonymous_14)","decl":{"start":{"line":255,"column":11},"end":{"line":255,"column":17}},"loc":{"start":{"line":255,"column":17},"end":{"line":268,"column":null}},"line":255},"15":{"name":"(anonymous_15)","decl":{"start":{"line":270,"column":24},"end":{"line":270,"column":25}},"loc":{"start":{"line":270,"column":35},"end":{"line":282,"column":null}},"line":270},"16":{"name":"(anonymous_16)","decl":{"start":{"line":284,"column":15},"end":{"line":284,"column":16}},"loc":{"start":{"line":284,"column":25},"end":{"line":284,"column":null}},"line":284},"17":{"name":"(anonymous_17)","decl":{"start":{"line":285,"column":18},"end":{"line":285,"column":19}},"loc":{"start":{"line":285,"column":29},"end":{"line":285,"column":null}},"line":285},"18":{"name":"(anonymous_18)","decl":{"start":{"line":287,"column":14},"end":{"line":287,"column":15}},"loc":{"start":{"line":288,"column":4},"end":{"line":288,"column":null}},"line":288},"19":{"name":"(anonymous_19)","decl":{"start":{"line":290,"column":15},"end":{"line":290,"column":21}},"loc":{"start":{"line":290,"column":21},"end":{"line":290,"column":null}},"line":290},"20":{"name":"(anonymous_20)","decl":{"start":{"line":292,"column":17},"end":{"line":292,"column":18}},"loc":{"start":{"line":292,"column":27},"end":{"line":292,"column":null}},"line":292},"21":{"name":"(anonymous_21)","decl":{"start":{"line":293,"column":18},"end":{"line":293,"column":19}},"loc":{"start":{"line":293,"column":29},"end":{"line":293,"column":null}},"line":293},"22":{"name":"(anonymous_22)","decl":{"start":{"line":295,"column":18},"end":{"line":295,"column":24}},"loc":{"start":{"line":295,"column":24},"end":{"line":299,"column":null}},"line":295},"23":{"name":"(anonymous_23)","decl":{"start":{"line":295,"column":28},"end":{"line":295,"column":29}},"loc":{"start":{"line":295,"column":35},"end":{"line":299,"column":3}},"line":295},"24":{"name":"(anonymous_24)","decl":{"start":{"line":301,"column":20},"end":{"line":301,"column":26}},"loc":{"start":{"line":301,"column":26},"end":{"line":306,"column":null}},"line":301},"25":{"name":"(anonymous_25)","decl":{"start":{"line":301,"column":30},"end":{"line":301,"column":31}},"loc":{"start":{"line":301,"column":38},"end":{"line":306,"column":4}},"line":301},"26":{"name":"(anonymous_26)","decl":{"start":{"line":308,"column":26},"end":{"line":308,"column":27}},"loc":{"start":{"line":308,"column":34},"end":{"line":308,"column":null}},"line":308},"27":{"name":"(anonymous_27)","decl":{"start":{"line":310,"column":23},"end":{"line":310,"column":24}},"loc":{"start":{"line":310,"column":35},"end":{"line":313,"column":null}},"line":310},"28":{"name":"(anonymous_28)","decl":{"start":{"line":315,"column":17},"end":{"line":315,"column":18}},"loc":{"start":{"line":315,"column":103},"end":{"line":339,"column":null}},"line":315},"29":{"name":"(anonymous_29)","decl":{"start":{"line":315,"column":107},"end":{"line":315,"column":108}},"loc":{"start":{"line":315,"column":114},"end":{"line":339,"column":3}},"line":315},"30":{"name":"(anonymous_30)","decl":{"start":{"line":320,"column":29},"end":{"line":320,"column":30}},"loc":{"start":{"line":320,"column":36},"end":{"line":320,"column":100}},"line":320},"31":{"name":"(anonymous_31)","decl":{"start":{"line":321,"column":29},"end":{"line":321,"column":30}},"loc":{"start":{"line":321,"column":36},"end":{"line":321,"column":98}},"line":321},"32":{"name":"(anonymous_32)","decl":{"start":{"line":341,"column":20},"end":{"line":341,"column":21}},"loc":{"start":{"line":341,"column":34},"end":{"line":343,"column":null}},"line":341},"33":{"name":"(anonymous_33)","decl":{"start":{"line":341,"column":38},"end":{"line":341,"column":39}},"loc":{"start":{"line":341,"column":46},"end":{"line":343,"column":4}},"line":341},"34":{"name":"(anonymous_34)","decl":{"start":{"line":342,"column":35},"end":{"line":342,"column":36}},"loc":{"start":{"line":342,"column":42},"end":{"line":342,"column":74}},"line":342},"35":{"name":"(anonymous_35)","decl":{"start":{"line":345,"column":20},"end":{"line":345,"column":21}},"loc":{"start":{"line":345,"column":28},"end":{"line":347,"column":null}},"line":345},"36":{"name":"(anonymous_36)","decl":{"start":{"line":345,"column":32},"end":{"line":345,"column":33}},"loc":{"start":{"line":345,"column":40},"end":{"line":347,"column":4}},"line":345},"37":{"name":"(anonymous_37)","decl":{"start":{"line":346,"column":38},"end":{"line":346,"column":39}},"loc":{"start":{"line":346,"column":45},"end":{"line":346,"column":56}},"line":346},"38":{"name":"(anonymous_38)","decl":{"start":{"line":349,"column":23},"end":{"line":349,"column":29}},"loc":{"start":{"line":349,"column":29},"end":{"line":349,"column":null}},"line":349},"39":{"name":"(anonymous_39)","decl":{"start":{"line":351,"column":16},"end":{"line":351,"column":17}},"loc":{"start":{"line":351,"column":26},"end":{"line":351,"column":null}},"line":351},"40":{"name":"(anonymous_40)","decl":{"start":{"line":352,"column":17},"end":{"line":352,"column":18}},"loc":{"start":{"line":352,"column":29},"end":{"line":352,"column":null}},"line":352},"41":{"name":"(anonymous_41)","decl":{"start":{"line":353,"column":18},"end":{"line":353,"column":19}},"loc":{"start":{"line":353,"column":31},"end":{"line":353,"column":null}},"line":353},"42":{"name":"(anonymous_42)","decl":{"start":{"line":354,"column":24},"end":{"line":354,"column":25}},"loc":{"start":{"line":354,"column":36},"end":{"line":354,"column":null}},"line":354},"43":{"name":"(anonymous_43)","decl":{"start":{"line":356,"column":22},"end":{"line":356,"column":23}},"loc":{"start":{"line":356,"column":35},"end":{"line":394,"column":null}},"line":356},"44":{"name":"(anonymous_44)","decl":{"start":{"line":396,"column":23},"end":{"line":396,"column":24}},"loc":{"start":{"line":396,"column":40},"end":{"line":429,"column":null}},"line":396},"45":{"name":"(anonymous_45)","decl":{"start":{"line":431,"column":30},"end":{"line":431,"column":31}},"loc":{"start":{"line":431,"column":47},"end":{"line":433,"column":null}},"line":431},"46":{"name":"(anonymous_46)","decl":{"start":{"line":432,"column":36},"end":{"line":432,"column":37}},"loc":{"start":{"line":432,"column":43},"end":{"line":432,"column":72}},"line":432},"47":{"name":"(anonymous_47)","decl":{"start":{"line":435,"column":27},"end":{"line":435,"column":28}},"loc":{"start":{"line":435,"column":53},"end":{"line":437,"column":null}},"line":435},"48":{"name":"(anonymous_48)","decl":{"start":{"line":436,"column":36},"end":{"line":436,"column":37}},"loc":{"start":{"line":436,"column":43},"end":{"line":436,"column":97}},"line":436},"49":{"name":"(anonymous_49)","decl":{"start":{"line":439,"column":23},"end":{"line":439,"column":30}},"loc":{"start":{"line":439,"column":46},"end":{"line":468,"column":null}},"line":439},"50":{"name":"(anonymous_50)","decl":{"start":{"line":454,"column":12},"end":{"line":454,"column":13}},"loc":{"start":{"line":454,"column":24},"end":{"line":457,"column":10}},"line":454},"51":{"name":"(anonymous_51)","decl":{"start":{"line":470,"column":20},"end":{"line":470,"column":21}},"loc":{"start":{"line":470,"column":28},"end":{"line":474,"column":null}},"line":470},"52":{"name":"(anonymous_52)","decl":{"start":{"line":476,"column":24},"end":{"line":476,"column":30}},"loc":{"start":{"line":476,"column":30},"end":{"line":502,"column":null}},"line":476},"53":{"name":"(anonymous_53)","decl":{"start":{"line":483,"column":16},"end":{"line":483,"column":17}},"loc":{"start":{"line":483,"column":23},"end":{"line":483,"column":43}},"line":483},"54":{"name":"(anonymous_54)","decl":{"start":{"line":491,"column":34},"end":{"line":491,"column":35}},"loc":{"start":{"line":491,"column":35},"end":{"line":491,"column":59}},"line":491},"55":{"name":"(anonymous_55)","decl":{"start":{"line":492,"column":27},"end":{"line":492,"column":28}},"loc":{"start":{"line":492,"column":34},"end":{"line":501,"column":5}},"line":492},"56":{"name":"(anonymous_56)","decl":{"start":{"line":504,"column":29},"end":{"line":504,"column":35}},"loc":{"start":{"line":504,"column":35},"end":{"line":514,"column":null}},"line":504},"57":{"name":"(anonymous_57)","decl":{"start":{"line":509,"column":43},"end":{"line":509,"column":44}},"loc":{"start":{"line":509,"column":50},"end":{"line":509,"column":54}},"line":509},"58":{"name":"(anonymous_58)","decl":{"start":{"line":512,"column":6},"end":{"line":512,"column":7}},"loc":{"start":{"line":512,"column":13},"end":{"line":512,"column":null}},"line":512},"59":{"name":"(anonymous_59)","decl":{"start":{"line":516,"column":21},"end":{"line":516,"column":22}},"loc":{"start":{"line":516,"column":38},"end":{"line":526,"column":null}},"line":516},"60":{"name":"(anonymous_60)","decl":{"start":{"line":525,"column":37},"end":{"line":525,"column":38}},"loc":{"start":{"line":525,"column":44},"end":{"line":525,"column":71}},"line":525},"61":{"name":"(anonymous_61)","decl":{"start":{"line":528,"column":23},"end":{"line":528,"column":24}},"loc":{"start":{"line":528,"column":40},"end":{"line":538,"column":null}},"line":528},"62":{"name":"(anonymous_62)","decl":{"start":{"line":536,"column":44},"end":{"line":536,"column":45}},"loc":{"start":{"line":536,"column":51},"end":{"line":536,"column":60}},"line":536},"63":{"name":"(anonymous_63)","decl":{"start":{"line":537,"column":39},"end":{"line":537,"column":40}},"loc":{"start":{"line":537,"column":46},"end":{"line":537,"column":65}},"line":537},"64":{"name":"collectTopLevelCandidates","decl":{"start":{"line":545,"column":9},"end":{"line":545,"column":null}},"loc":{"start":{"line":548,"column":15},"end":{"line":572,"column":null}},"line":548},"65":{"name":"findClientFacingServerIds","decl":{"start":{"line":576,"column":9},"end":{"line":576,"column":null}},"loc":{"start":{"line":579,"column":15},"end":{"line":600,"column":null}},"line":579},"66":{"name":"collectClientIds","decl":{"start":{"line":581,"column":11},"end":{"line":581,"column":28}},"loc":{"start":{"line":581,"column":48},"end":{"line":586,"column":null}},"line":581},"67":{"name":"collectDrillHeroes","decl":{"start":{"line":605,"column":9},"end":{"line":605,"column":28}},"loc":{"start":{"line":605,"column":66},"end":{"line":615,"column":null}},"line":605},"68":{"name":"promoteDrillChildren","decl":{"start":{"line":620,"column":9},"end":{"line":620,"column":30}},"loc":{"start":{"line":620,"column":66},"end":{"line":649,"column":null}},"line":620},"69":{"name":"flattenTopLevel","decl":{"start":{"line":651,"column":16},"end":{"line":651,"column":null}},"loc":{"start":{"line":654,"column":15},"end":{"line":696,"column":null}},"line":654},"70":{"name":"(anonymous_70)","decl":{"start":{"line":671,"column":36},"end":{"line":671,"column":37}},"loc":{"start":{"line":671,"column":37},"end":{"line":671,"column":63}},"line":671},"71":{"name":"(anonymous_71)","decl":{"start":{"line":672,"column":45},"end":{"line":672,"column":46}},"loc":{"start":{"line":672,"column":46},"end":{"line":672,"column":72}},"line":672}},"branchMap":{"0":{"loc":{"start":{"line":26,"column":4},"end":{"line":28,"column":null}},"type":"if","locations":[{"start":{"line":26,"column":4},"end":{"line":28,"column":null}},{"start":{},"end":{}}],"line":26},"1":{"loc":{"start":{"line":133,"column":4},"end":{"line":133,"column":null}},"type":"if","locations":[{"start":{"line":133,"column":4},"end":{"line":133,"column":null}},{"start":{},"end":{}}],"line":133},"2":{"loc":{"start":{"line":135,"column":4},"end":{"line":135,"column":null}},"type":"if","locations":[{"start":{"line":135,"column":4},"end":{"line":135,"column":null}},{"start":{},"end":{}}],"line":135},"3":{"loc":{"start":{"line":155,"column":6},"end":{"line":155,"column":null}},"type":"if","locations":[{"start":{"line":155,"column":6},"end":{"line":155,"column":null}},{"start":{},"end":{}}],"line":155},"4":{"loc":{"start":{"line":158,"column":4},"end":{"line":158,"column":null}},"type":"if","locations":[{"start":{"line":158,"column":4},"end":{"line":158,"column":null}},{"start":{},"end":{}}],"line":158},"5":{"loc":{"start":{"line":169,"column":6},"end":{"line":172,"column":null}},"type":"if","locations":[{"start":{"line":169,"column":6},"end":{"line":172,"column":null}},{"start":{},"end":{}}],"line":169},"6":{"loc":{"start":{"line":173,"column":6},"end":{"line":173,"column":null}},"type":"if","locations":[{"start":{"line":173,"column":6},"end":{"line":173,"column":null}},{"start":{},"end":{}}],"line":173},"7":{"loc":{"start":{"line":220,"column":4},"end":{"line":223,"column":null}},"type":"if","locations":[{"start":{"line":220,"column":4},"end":{"line":223,"column":null}},{"start":{},"end":{}}],"line":220},"8":{"loc":{"start":{"line":220,"column":8},"end":{"line":220,"column":22}},"type":"binary-expr","locations":[{"start":{"line":220,"column":8},"end":{"line":220,"column":17}},{"start":{"line":220,"column":17},"end":{"line":220,"column":22}}],"line":220},"9":{"loc":{"start":{"line":221,"column":70},"end":{"line":221,"column":115}},"type":"cond-expr","locations":[{"start":{"line":221,"column":89},"end":{"line":221,"column":109}},{"start":{"line":221,"column":109},"end":{"line":221,"column":115}}],"line":221},"10":{"loc":{"start":{"line":225,"column":4},"end":{"line":238,"column":null}},"type":"if","locations":[{"start":{"line":225,"column":4},"end":{"line":238,"column":null}},{"start":{},"end":{}}],"line":225},"11":{"loc":{"start":{"line":226,"column":6},"end":{"line":237,"column":null}},"type":"if","locations":[{"start":{"line":226,"column":6},"end":{"line":237,"column":null}},{"start":{"line":231,"column":13},"end":{"line":237,"column":null}}],"line":226},"12":{"loc":{"start":{"line":243,"column":4},"end":{"line":243,"column":null}},"type":"if","locations":[{"start":{"line":243,"column":4},"end":{"line":243,"column":null}},{"start":{},"end":{}}],"line":243},"13":{"loc":{"start":{"line":244,"column":4},"end":{"line":244,"column":null}},"type":"if","locations":[{"start":{"line":244,"column":4},"end":{"line":244,"column":null}},{"start":{},"end":{}}],"line":244},"14":{"loc":{"start":{"line":244,"column":8},"end":{"line":244,"column":73}},"type":"binary-expr","locations":[{"start":{"line":244,"column":8},"end":{"line":244,"column":43}},{"start":{"line":244,"column":43},"end":{"line":244,"column":73}}],"line":244},"15":{"loc":{"start":{"line":257,"column":4},"end":{"line":260,"column":null}},"type":"if","locations":[{"start":{"line":257,"column":4},"end":{"line":260,"column":null}},{"start":{},"end":{}}],"line":257},"16":{"loc":{"start":{"line":272,"column":4},"end":{"line":275,"column":null}},"type":"if","locations":[{"start":{"line":272,"column":4},"end":{"line":275,"column":null}},{"start":{},"end":{}}],"line":272},"17":{"loc":{"start":{"line":292,"column":64},"end":{"line":292,"column":94}},"type":"cond-expr","locations":[{"start":{"line":292,"column":71},"end":{"line":292,"column":91}},{"start":{"line":292,"column":91},"end":{"line":292,"column":94}}],"line":292},"18":{"loc":{"start":{"line":305,"column":17},"end":{"line":305,"column":null}},"type":"cond-expr","locations":[{"start":{"line":305,"column":33},"end":{"line":305,"column":49}},{"start":{"line":305,"column":49},"end":{"line":305,"column":null}}],"line":305},"19":{"loc":{"start":{"line":305,"column":49},"end":{"line":305,"column":null}},"type":"cond-expr","locations":[{"start":{"line":305,"column":78},"end":{"line":305,"column":85}},{"start":{"line":305,"column":85},"end":{"line":305,"column":null}}],"line":305},"20":{"loc":{"start":{"line":311,"column":27},"end":{"line":311,"column":null}},"type":"binary-expr","locations":[{"start":{"line":311,"column":27},"end":{"line":311,"column":50}},{"start":{"line":311,"column":50},"end":{"line":311,"column":null}}],"line":311},"21":{"loc":{"start":{"line":312,"column":22},"end":{"line":312,"column":null}},"type":"cond-expr","locations":[{"start":{"line":312,"column":31},"end":{"line":312,"column":126}},{"start":{"line":312,"column":126},"end":{"line":312,"column":null}}],"line":312},"22":{"loc":{"start":{"line":315,"column":37},"end":{"line":315,"column":63}},"type":"default-arg","locations":[{"start":{"line":315,"column":50},"end":{"line":315,"column":63}}],"line":315},"23":{"loc":{"start":{"line":316,"column":26},"end":{"line":316,"column":null}},"type":"binary-expr","locations":[{"start":{"line":316,"column":26},"end":{"line":316,"column":38}},{"start":{"line":316,"column":38},"end":{"line":316,"column":null}}],"line":316},"24":{"loc":{"start":{"line":317,"column":28},"end":{"line":317,"column":null}},"type":"binary-expr","locations":[{"start":{"line":317,"column":28},"end":{"line":317,"column":42}},{"start":{"line":317,"column":42},"end":{"line":317,"column":null}}],"line":317},"25":{"loc":{"start":{"line":319,"column":21},"end":{"line":321,"column":null}},"type":"cond-expr","locations":[{"start":{"line":320,"column":8},"end":{"line":320,"column":null}},{"start":{"line":321,"column":8},"end":{"line":321,"column":null}}],"line":319},"26":{"loc":{"start":{"line":320,"column":38},"end":{"line":320,"column":100}},"type":"binary-expr","locations":[{"start":{"line":320,"column":38},"end":{"line":320,"column":71}},{"start":{"line":320,"column":71},"end":{"line":320,"column":100}}],"line":320},"27":{"loc":{"start":{"line":321,"column":38},"end":{"line":321,"column":98}},"type":"binary-expr","locations":[{"start":{"line":321,"column":38},"end":{"line":321,"column":69}},{"start":{"line":321,"column":69},"end":{"line":321,"column":98}}],"line":321},"28":{"loc":{"start":{"line":342,"column":42},"end":{"line":342,"column":74}},"type":"cond-expr","locations":[{"start":{"line":342,"column":56},"end":{"line":342,"column":73}},{"start":{"line":342,"column":73},"end":{"line":342,"column":74}}],"line":342},"29":{"loc":{"start":{"line":358,"column":4},"end":{"line":361,"column":null}},"type":"if","locations":[{"start":{"line":358,"column":4},"end":{"line":361,"column":null}},{"start":{},"end":{}}],"line":358},"30":{"loc":{"start":{"line":373,"column":6},"end":{"line":378,"column":null}},"type":"if","locations":[{"start":{"line":373,"column":6},"end":{"line":378,"column":null}},{"start":{},"end":{}}],"line":373},"31":{"loc":{"start":{"line":398,"column":4},"end":{"line":398,"column":null}},"type":"if","locations":[{"start":{"line":398,"column":4},"end":{"line":398,"column":null}},{"start":{},"end":{}}],"line":398},"32":{"loc":{"start":{"line":401,"column":4},"end":{"line":401,"column":null}},"type":"if","locations":[{"start":{"line":401,"column":4},"end":{"line":401,"column":null}},{"start":{},"end":{}}],"line":401},"33":{"loc":{"start":{"line":406,"column":4},"end":{"line":428,"column":null}},"type":"if","locations":[{"start":{"line":406,"column":4},"end":{"line":428,"column":null}},{"start":{"line":419,"column":11},"end":{"line":428,"column":null}}],"line":406},"34":{"loc":{"start":{"line":409,"column":6},"end":{"line":418,"column":null}},"type":"if","locations":[{"start":{"line":409,"column":6},"end":{"line":418,"column":null}},{"start":{},"end":{}}],"line":409},"35":{"loc":{"start":{"line":436,"column":43},"end":{"line":436,"column":97}},"type":"binary-expr","locations":[{"start":{"line":436,"column":43},"end":{"line":436,"column":74}},{"start":{"line":436,"column":74},"end":{"line":436,"column":97}}],"line":436},"36":{"loc":{"start":{"line":442,"column":4},"end":{"line":442,"column":null}},"type":"if","locations":[{"start":{"line":442,"column":4},"end":{"line":442,"column":null}},{"start":{},"end":{}}],"line":442},"37":{"loc":{"start":{"line":446,"column":4},"end":{"line":446,"column":null}},"type":"if","locations":[{"start":{"line":446,"column":4},"end":{"line":446,"column":null}},{"start":{},"end":{}}],"line":446},"38":{"loc":{"start":{"line":446,"column":8},"end":{"line":446,"column":39}},"type":"binary-expr","locations":[{"start":{"line":446,"column":8},"end":{"line":446,"column":16}},{"start":{"line":446,"column":16},"end":{"line":446,"column":39}}],"line":446},"39":{"loc":{"start":{"line":452,"column":6},"end":{"line":462,"column":null}},"type":"if","locations":[{"start":{"line":452,"column":6},"end":{"line":462,"column":null}},{"start":{},"end":{}}],"line":452},"40":{"loc":{"start":{"line":460,"column":25},"end":{"line":460,"column":47}},"type":"binary-expr","locations":[{"start":{"line":460,"column":25},"end":{"line":460,"column":43}},{"start":{"line":460,"column":43},"end":{"line":460,"column":47}}],"line":460},"41":{"loc":{"start":{"line":460,"column":47},"end":{"line":460,"column":65}},"type":"binary-expr","locations":[{"start":{"line":460,"column":47},"end":{"line":460,"column":63}},{"start":{"line":460,"column":63},"end":{"line":460,"column":65}}],"line":460},"42":{"loc":{"start":{"line":472,"column":4},"end":{"line":472,"column":null}},"type":"if","locations":[{"start":{"line":472,"column":4},"end":{"line":472,"column":null}},{"start":{},"end":{}}],"line":472},"43":{"loc":{"start":{"line":478,"column":4},"end":{"line":478,"column":null}},"type":"if","locations":[{"start":{"line":478,"column":4},"end":{"line":478,"column":null}},{"start":{},"end":{}}],"line":478},"44":{"loc":{"start":{"line":480,"column":4},"end":{"line":484,"column":null}},"type":"if","locations":[{"start":{"line":480,"column":4},"end":{"line":484,"column":null}},{"start":{},"end":{}}],"line":480},"45":{"loc":{"start":{"line":487,"column":4},"end":{"line":487,"column":null}},"type":"if","locations":[{"start":{"line":487,"column":4},"end":{"line":487,"column":null}},{"start":{},"end":{}}],"line":487},"46":{"loc":{"start":{"line":489,"column":21},"end":{"line":489,"column":null}},"type":"cond-expr","locations":[{"start":{"line":489,"column":50},"end":{"line":489,"column":68}},{"start":{"line":489,"column":68},"end":{"line":489,"column":null}}],"line":489},"47":{"loc":{"start":{"line":493,"column":6},"end":{"line":493,"column":null}},"type":"if","locations":[{"start":{"line":493,"column":6},"end":{"line":493,"column":null}},{"start":{},"end":{}}],"line":493},"48":{"loc":{"start":{"line":495,"column":6},"end":{"line":499,"column":null}},"type":"if","locations":[{"start":{"line":495,"column":6},"end":{"line":499,"column":null}},{"start":{},"end":{}}],"line":495},"49":{"loc":{"start":{"line":495,"column":10},"end":{"line":497,"column":61}},"type":"binary-expr","locations":[{"start":{"line":495,"column":10},"end":{"line":495,"column":21}},{"start":{"line":495,"column":21},"end":{"line":495,"column":null}},{"start":{"line":496,"column":13},"end":{"line":496,"column":37}},{"start":{"line":496,"column":37},"end":{"line":496,"column":null}},{"start":{"line":497,"column":13},"end":{"line":497,"column":40}},{"start":{"line":497,"column":40},"end":{"line":497,"column":61}}],"line":495},"50":{"loc":{"start":{"line":506,"column":4},"end":{"line":506,"column":null}},"type":"if","locations":[{"start":{"line":506,"column":4},"end":{"line":506,"column":null}},{"start":{},"end":{}}],"line":506},"51":{"loc":{"start":{"line":512,"column":13},"end":{"line":512,"column":null}},"type":"binary-expr","locations":[{"start":{"line":512,"column":13},"end":{"line":512,"column":41}},{"start":{"line":512,"column":41},"end":{"line":512,"column":null}}],"line":512},"52":{"loc":{"start":{"line":519,"column":4},"end":{"line":519,"column":null}},"type":"if","locations":[{"start":{"line":519,"column":4},"end":{"line":519,"column":null}},{"start":{},"end":{}}],"line":519},"53":{"loc":{"start":{"line":522,"column":4},"end":{"line":522,"column":null}},"type":"if","locations":[{"start":{"line":522,"column":4},"end":{"line":522,"column":null}},{"start":{},"end":{}}],"line":522},"54":{"loc":{"start":{"line":524,"column":4},"end":{"line":524,"column":null}},"type":"if","locations":[{"start":{"line":524,"column":4},"end":{"line":524,"column":null}},{"start":{},"end":{}}],"line":524},"55":{"loc":{"start":{"line":531,"column":4},"end":{"line":531,"column":null}},"type":"if","locations":[{"start":{"line":531,"column":4},"end":{"line":531,"column":null}},{"start":{},"end":{}}],"line":531},"56":{"loc":{"start":{"line":534,"column":4},"end":{"line":534,"column":null}},"type":"if","locations":[{"start":{"line":534,"column":4},"end":{"line":534,"column":null}},{"start":{},"end":{}}],"line":534},"57":{"loc":{"start":{"line":547,"column":2},"end":{"line":547,"column":null}},"type":"default-arg","locations":[{"start":{"line":547,"column":22},"end":{"line":547,"column":null}}],"line":547},"58":{"loc":{"start":{"line":552,"column":4},"end":{"line":567,"column":null}},"type":"if","locations":[{"start":{"line":552,"column":4},"end":{"line":567,"column":null}},{"start":{"line":555,"column":4},"end":{"line":567,"column":null}}],"line":552},"59":{"loc":{"start":{"line":552,"column":8},"end":{"line":552,"column":63}},"type":"binary-expr","locations":[{"start":{"line":552,"column":8},"end":{"line":552,"column":35}},{"start":{"line":552,"column":35},"end":{"line":552,"column":63}}],"line":552},"60":{"loc":{"start":{"line":555,"column":4},"end":{"line":567,"column":null}},"type":"if","locations":[{"start":{"line":555,"column":4},"end":{"line":567,"column":null}},{"start":{"line":558,"column":4},"end":{"line":567,"column":null}}],"line":555},"61":{"loc":{"start":{"line":555,"column":4},"end":{"line":555,"column":67}},"type":"binary-expr","locations":[{"start":{"line":555,"column":4},"end":{"line":555,"column":42}},{"start":{"line":555,"column":37},"end":{"line":555,"column":67}}],"line":555},"62":{"loc":{"start":{"line":558,"column":4},"end":{"line":567,"column":null}},"type":"if","locations":[{"start":{"line":558,"column":4},"end":{"line":567,"column":null}},{"start":{},"end":{}}],"line":558},"63":{"loc":{"start":{"line":562,"column":6},"end":{"line":565,"column":null}},"type":"if","locations":[{"start":{"line":562,"column":6},"end":{"line":565,"column":null}},{"start":{},"end":{}}],"line":562},"64":{"loc":{"start":{"line":583,"column":6},"end":{"line":583,"column":null}},"type":"if","locations":[{"start":{"line":583,"column":6},"end":{"line":583,"column":null}},{"start":{},"end":{}}],"line":583},"65":{"loc":{"start":{"line":591,"column":4},"end":{"line":593,"column":null}},"type":"if","locations":[{"start":{"line":591,"column":4},"end":{"line":593,"column":null}},{"start":{},"end":{}}],"line":591},"66":{"loc":{"start":{"line":591,"column":8},"end":{"line":591,"column":65}},"type":"binary-expr","locations":[{"start":{"line":591,"column":8},"end":{"line":591,"column":37}},{"start":{"line":591,"column":37},"end":{"line":591,"column":65}}],"line":591},"67":{"loc":{"start":{"line":594,"column":4},"end":{"line":596,"column":null}},"type":"if","locations":[{"start":{"line":594,"column":4},"end":{"line":596,"column":null}},{"start":{},"end":{}}],"line":594},"68":{"loc":{"start":{"line":594,"column":8},"end":{"line":594,"column":65}},"type":"binary-expr","locations":[{"start":{"line":594,"column":8},"end":{"line":594,"column":37}},{"start":{"line":594,"column":37},"end":{"line":594,"column":65}}],"line":594},"69":{"loc":{"start":{"line":608,"column":4},"end":{"line":612,"column":null}},"type":"if","locations":[{"start":{"line":608,"column":4},"end":{"line":612,"column":null}},{"start":{"line":610,"column":11},"end":{"line":612,"column":null}}],"line":608},"70":{"loc":{"start":{"line":624,"column":4},"end":{"line":645,"column":null}},"type":"if","locations":[{"start":{"line":624,"column":4},"end":{"line":645,"column":null}},{"start":{"line":627,"column":11},"end":{"line":645,"column":null}}],"line":624},"71":{"loc":{"start":{"line":630,"column":6},"end":{"line":644,"column":null}},"type":"if","locations":[{"start":{"line":630,"column":6},"end":{"line":644,"column":null}},{"start":{"line":641,"column":13},"end":{"line":644,"column":null}}],"line":630},"72":{"loc":{"start":{"line":635,"column":10},"end":{"line":639,"column":null}},"type":"if","locations":[{"start":{"line":635,"column":10},"end":{"line":639,"column":null}},{"start":{},"end":{}}],"line":635},"73":{"loc":{"start":{"line":635,"column":14},"end":{"line":637,"column":52}},"type":"binary-expr","locations":[{"start":{"line":635,"column":14},"end":{"line":635,"column":null}},{"start":{"line":636,"column":17},"end":{"line":636,"column":null}},{"start":{"line":637,"column":17},"end":{"line":637,"column":52}}],"line":635},"74":{"loc":{"start":{"line":657,"column":2},"end":{"line":668,"column":null}},"type":"if","locations":[{"start":{"line":657,"column":2},"end":{"line":668,"column":null}},{"start":{},"end":{}}],"line":657},"75":{"loc":{"start":{"line":661,"column":6},"end":{"line":665,"column":null}},"type":"if","locations":[{"start":{"line":661,"column":6},"end":{"line":665,"column":null}},{"start":{"line":663,"column":13},"end":{"line":665,"column":null}}],"line":661},"76":{"loc":{"start":{"line":661,"column":10},"end":{"line":661,"column":63}},"type":"binary-expr","locations":[{"start":{"line":661,"column":10},"end":{"line":661,"column":37}},{"start":{"line":661,"column":37},"end":{"line":661,"column":63}}],"line":661},"77":{"loc":{"start":{"line":682,"column":4},"end":{"line":684,"column":null}},"type":"if","locations":[{"start":{"line":682,"column":4},"end":{"line":684,"column":null}},{"start":{},"end":{}}],"line":682},"78":{"loc":{"start":{"line":691,"column":2},"end":{"line":693,"column":null}},"type":"if","locations":[{"start":{"line":691,"column":2},"end":{"line":693,"column":null}},{"start":{},"end":{}}],"line":691},"79":{"loc":{"start":{"line":691,"column":6},"end":{"line":691,"column":95}},"type":"binary-expr","locations":[{"start":{"line":691,"column":6},"end":{"line":691,"column":28}},{"start":{"line":691,"column":28},"end":{"line":691,"column":66}},{"start":{"line":691,"column":66},"end":{"line":691,"column":95}}],"line":691}},"s":{"0":2,"1":2,"2":2,"3":2,"4":0,"5":2,"6":2,"7":2,"8":10,"9":8,"10":5,"11":3,"12":3,"13":3,"14":2,"15":10,"16":18,"17":8,"18":8,"19":10,"20":10,"21":4,"22":3,"23":2,"24":1,"25":2,"26":2,"27":1,"28":2,"29":6,"30":8,"31":8,"32":8,"33":6,"34":6,"35":2,"36":2,"37":0,"38":6,"39":6,"40":2,"41":2,"42":19,"43":0,"44":1,"45":3,"46":3,"47":1,"48":1,"49":2,"50":2,"51":1,"52":0,"53":1,"54":6,"55":6,"56":0,"57":6,"58":1,"59":5,"60":5,"61":2,"62":2,"63":1,"64":1,"65":1,"66":1,"67":1,"68":0,"69":0,"70":0,"71":0,"72":0,"73":0,"74":0,"75":0,"76":0,"77":0,"78":4,"79":1,"80":2,"81":2,"82":2,"83":2,"84":0,"85":0,"86":0,"87":0,"88":0,"89":0,"90":0,"91":0,"92":0,"93":0,"94":0,"95":0,"96":0,"97":0,"98":0,"99":0,"100":0,"101":0,"102":2,"103":0,"104":0,"105":5,"106":5,"107":5,"108":0,"109":0,"110":5,"111":5,"112":5,"113":5,"114":3,"115":3,"116":3,"117":5,"118":5,"119":4,"120":4,"121":1,"122":3,"123":3,"124":1,"125":2,"126":2,"127":1,"128":1,"129":1,"130":1,"131":1,"132":0,"133":0,"134":0,"135":0,"136":0,"137":0,"138":0,"139":0,"140":0,"141":0,"142":0,"143":0,"144":0,"145":0,"146":0,"147":0,"148":0,"149":0,"150":0,"151":0,"152":0,"153":0,"154":0,"155":0,"156":0,"157":0,"158":0,"159":6,"160":6,"161":0,"162":6,"163":5,"164":7,"165":1,"166":1,"167":0,"168":1,"169":6,"170":6,"171":2,"172":6,"173":2,"174":0,"175":2,"176":0,"177":2,"178":2,"179":2,"180":0,"181":2,"182":2,"183":3,"184":2,"185":2,"186":0,"187":0,"188":0,"189":0,"190":0,"191":0,"192":0,"193":0,"194":0,"195":0,"196":0,"197":0,"198":0,"199":0,"200":0,"201":0,"202":0,"203":0,"204":0,"205":0,"206":0,"207":0,"208":14,"209":14,"210":9,"211":2,"212":7,"213":0,"214":7,"215":7,"216":7,"217":0,"218":14,"219":0,"220":0,"221":0,"222":0,"223":0,"224":0,"225":0,"226":0,"227":0,"228":0,"229":0,"230":0,"231":0,"232":2,"233":2,"234":0,"235":0,"236":0,"237":2,"238":1,"239":1,"240":2,"241":0,"242":2,"243":2,"244":0,"245":0,"246":0,"247":0,"248":2,"249":1,"250":5,"251":5,"252":5,"253":5,"254":6,"255":1,"256":5,"257":5,"258":0,"259":0,"260":0,"261":0,"262":0,"263":0,"264":0,"265":0,"266":0,"267":0,"268":0,"269":0},"f":{"0":2,"1":2,"2":10,"3":10,"4":18,"5":4,"6":6,"7":8,"8":2,"9":19,"10":0,"11":1,"12":3,"13":6,"14":2,"15":0,"16":0,"17":0,"18":0,"19":0,"20":4,"21":1,"22":2,"23":2,"24":0,"25":0,"26":0,"27":0,"28":0,"29":0,"30":0,"31":0,"32":0,"33":0,"34":0,"35":0,"36":0,"37":0,"38":0,"39":2,"40":0,"41":0,"42":5,"43":5,"44":4,"45":0,"46":0,"47":0,"48":0,"49":0,"50":0,"51":0,"52":6,"53":7,"54":2,"55":2,"56":2,"57":3,"58":2,"59":0,"60":0,"61":0,"62":0,"63":0,"64":14,"65":0,"66":0,"67":2,"68":1,"69":5,"70":0,"71":0},"b":{"0":[0,2],"1":[5,3],"2":[3,0],"3":[1,1],"4":[1,1],"5":[6,2],"6":[2,0],"7":[1,2],"8":[3,2],"9":[0,1],"10":[1,1],"11":[0,1],"12":[0,6],"13":[1,5],"14":[6,1],"15":[1,1],"16":[0,0],"17":[2,2],"18":[0,0],"19":[0,0],"20":[0,0],"21":[0,0],"22":[0],"23":[0,0],"24":[0,0],"25":[0,0],"26":[0,0],"27":[0,0],"28":[0,0],"29":[0,5],"30":[3,0],"31":[1,3],"32":[1,2],"33":[1,1],"34":[1,0],"35":[0,0],"36":[0,0],"37":[0,0],"38":[0,0],"39":[0,0],"40":[0,0],"41":[0,0],"42":[0,0],"43":[0,6],"44":[5,1],"45":[0,1],"46":[1,0],"47":[0,2],"48":[0,2],"49":[2,0,0,0,0,0],"50":[0,2],"51":[2,2],"52":[0,0],"53":[0,0],"54":[0,0],"55":[0,0],"56":[0,0],"57":[14],"58":[2,7],"59":[9,8],"60":[0,7],"61":[7,7],"62":[7,0],"63":[0,7],"64":[0,0],"65":[0,0],"66":[0,0],"67":[0,0],"68":[0,0],"69":[0,0],"70":[0,2],"71":[0,2],"72":[0,0],"73":[0,0,0],"74":[5,0],"75":[1,5],"76":[6,1],"77":[0,0],"78":[0,0],"79":[0,0,0]},"meta":{"lastBranch":80,"lastFunction":72,"lastStatement":270,"seen":{"s:21:22:21:Infinity":0,"f:23:9:23:38":0,"s:24:2:31:Infinity":1,"s:25:19:25:Infinity":2,"b:26:4:28:Infinity:undefined:undefined:undefined:undefined":0,"s:26:4:28:Infinity":3,"s:27:6:27:Infinity":4,"s:33:2:33:Infinity":5,"f:36:9:36:28":1,"s:37:2:41:Infinity":6,"s:38:4:38:Infinity":7,"f:131:9:131:23":2,"s:132:2:136:Infinity":8,"b:133:4:133:Infinity:undefined:undefined:undefined:undefined":1,"s:133:4:133:Infinity":9,"s:133:24:133:Infinity":10,"s:134:18:134:Infinity":11,"b:135:4:135:Infinity:undefined:undefined:undefined:undefined":2,"s:135:4:135:Infinity":12,"s:135:15:135:Infinity":13,"s:137:2:137:Infinity":14,"f:140:9:140:29":3,"s:141:16:141:Infinity":15,"f:142:11:142:16":4,"s:143:4:146:Infinity":16,"s:144:6:144:Infinity":17,"s:145:6:145:Infinity":18,"s:148:2:148:Infinity":19,"s:149:2:149:Infinity":20,"f:152:9:152:22":5,"s:153:2:159:Infinity":21,"s:154:4:156:Infinity":22,"b:155:6:155:Infinity:undefined:undefined:undefined:undefined":3,"s:155:6:155:Infinity":23,"s:155:33:155:Infinity":24,"s:157:18:157:Infinity":25,"b:158:4:158:Infinity:undefined:undefined:undefined:undefined":4,"s:158:4:158:Infinity":26,"s:158:15:158:Infinity":27,"s:160:2:160:Infinity":28,"f:163:9:163:26":6,"s:164:34:164:Infinity":29,"f:166:11:166:18":7,"s:167:4:174:Infinity":30,"s:168:22:168:Infinity":31,"b:169:6:172:Infinity:undefined:undefined:undefined:undefined":5,"s:169:6:172:Infinity":32,"s:170:8:170:Infinity":33,"s:171:8:171:Infinity":34,"b:173:6:173:Infinity:undefined:undefined:undefined:undefined":6,"s:173:6:173:Infinity":35,"s:173:42:173:Infinity":36,"s:175:4:175:Infinity":37,"s:178:2:178:Infinity":38,"s:179:2:179:Infinity":39,"s:182:13:539:Infinity":40,"f:182:46:182:47":8,"s:182:61:539:2":41,"f:214:19:214:20":9,"s:214:29:214:Infinity":42,"f:215:14:215:15":10,"s:215:27:215:Infinity":43,"f:216:12:216:13":11,"s:216:23:216:Infinity":44,"f:218:19:218:20":12,"s:219:17:219:Infinity":45,"b:220:4:223:Infinity:undefined:undefined:undefined:undefined":7,"s:220:4:223:Infinity":46,"b:220:8:220:17:220:17:220:22":8,"s:221:6:221:Infinity":47,"b:221:89:221:109:221:109:221:115":9,"s:222:6:222:Infinity":48,"s:224:17:224:Infinity":49,"b:225:4:238:Infinity:undefined:undefined:undefined:undefined":10,"s:225:4:238:Infinity":50,"b:226:6:237:Infinity:231:13:237:Infinity":11,"s:226:6:237:Infinity":51,"s:227:8:230:Infinity":52,"s:232:8:236:Infinity":53,"f:241:13:241:14":13,"s:242:17:242:Infinity":54,"b:243:4:243:Infinity:undefined:undefined:undefined:undefined":12,"s:243:4:243:Infinity":55,"s:243:15:243:Infinity":56,"b:244:4:244:Infinity:undefined:undefined:undefined:undefined":13,"s:244:4:244:Infinity":57,"b:244:8:244:43:244:43:244:73":14,"s:244:73:244:Infinity":58,"s:246:19:246:Infinity":59,"s:247:4:252:Infinity":60,"f:255:11:255:17":14,"s:256:42:256:Infinity":61,"b:257:4:260:Infinity:undefined:undefined:undefined:undefined":15,"s:257:4:260:Infinity":62,"s:258:6:258:Infinity":63,"s:259:6:259:Infinity":64,"s:261:19:261:Infinity":65,"s:262:22:262:Infinity":66,"s:263:4:267:Infinity":67,"f:270:24:270:25":15,"s:271:28:271:Infinity":68,"b:272:4:275:Infinity:undefined:undefined:undefined:undefined":16,"s:272:4:275:Infinity":69,"s:273:6:273:Infinity":70,"s:274:6:274:Infinity":71,"s:276:18:276:Infinity":72,"s:277:4:281:Infinity":73,"f:284:15:284:16":16,"s:284:25:284:Infinity":74,"f:285:18:285:19":17,"s:285:29:285:Infinity":75,"f:287:14:287:15":18,"s:288:4:288:Infinity":76,"f:290:15:290:21":19,"s:290:21:290:Infinity":77,"f:292:17:292:18":20,"s:292:27:292:Infinity":78,"b:292:71:292:91:292:91:292:94":17,"f:293:18:293:19":21,"s:293:29:293:Infinity":79,"f:295:18:295:24":22,"s:295:24:299:Infinity":80,"f:295:28:295:29":23,"s:296:21:296:Infinity":81,"s:297:4:297:Infinity":82,"s:298:4:298:Infinity":83,"f:301:20:301:26":24,"s:301:26:306:Infinity":84,"f:301:30:301:31":25,"s:301:38:306:4":85,"b:305:33:305:49:305:49:305:Infinity":18,"b:305:78:305:85:305:85:305:Infinity":19,"f:308:26:308:27":26,"s:308:34:308:Infinity":86,"f:310:23:310:24":27,"s:310:35:313:Infinity":87,"b:311:27:311:50:311:50:311:Infinity":20,"b:312:31:312:126:312:126:312:Infinity":21,"f:315:17:315:18":28,"s:315:103:339:Infinity":88,"b:315:50:315:63":22,"f:315:107:315:108":29,"s:316:26:316:Infinity":89,"b:316:26:316:38:316:38:316:Infinity":23,"s:317:28:317:Infinity":90,"b:317:28:317:42:317:42:317:Infinity":24,"s:319:21:321:Infinity":91,"b:320:8:320:Infinity:321:8:321:Infinity":25,"f:320:29:320:30":30,"s:320:36:320:100":92,"b:320:38:320:71:320:71:320:100":26,"f:321:29:321:30":31,"s:321:36:321:98":93,"b:321:38:321:69:321:69:321:98":27,"s:322:4:338:Infinity":94,"f:341:20:341:21":32,"s:341:34:343:Infinity":95,"f:341:38:341:39":33,"s:341:46:343:4":96,"f:342:35:342:36":34,"s:342:42:342:74":97,"b:342:56:342:73:342:73:342:74":28,"f:345:20:345:21":35,"s:345:28:347:Infinity":98,"f:345:32:345:33":36,"s:345:40:347:4":99,"f:346:38:346:39":37,"s:346:45:346:56":100,"f:349:23:349:29":38,"s:349:29:349:Infinity":101,"f:351:16:351:17":39,"s:351:26:351:Infinity":102,"f:352:17:352:18":40,"s:352:29:352:Infinity":103,"f:353:18:353:19":41,"s:353:31:353:Infinity":104,"f:354:24:354:25":42,"s:354:36:354:Infinity":105,"f:356:22:356:23":43,"s:357:17:357:Infinity":106,"b:358:4:361:Infinity:undefined:undefined:undefined:undefined":29,"s:358:4:361:Infinity":107,"s:359:6:359:Infinity":108,"s:360:6:360:Infinity":109,"s:364:18:364:Infinity":110,"s:367:30:367:Infinity":111,"s:368:25:368:Infinity":112,"s:371:4:379:Infinity":113,"s:372:19:372:Infinity":114,"b:373:6:378:Infinity:undefined:undefined:undefined:undefined":30,"s:373:6:378:Infinity":115,"s:374:8:377:Infinity":116,"s:382:38:391:Infinity":117,"s:393:4:393:Infinity":118,"f:396:23:396:24":44,"s:397:17:397:Infinity":119,"b:398:4:398:Infinity:undefined:undefined:undefined:undefined":31,"s:398:4:398:Infinity":120,"s:398:15:398:Infinity":121,"s:400:17:400:Infinity":122,"b:401:4:401:Infinity:undefined:undefined:undefined:undefined":32,"s:401:4:401:Infinity":123,"s:401:15:401:Infinity":124,"s:404:21:404:Infinity":125,"b:406:4:428:Infinity:419:11:428:Infinity":33,"s:406:4:428:Infinity":126,"s:408:21:408:Infinity":127,"b:409:6:418:Infinity:undefined:undefined:undefined:undefined":34,"s:409:6:418:Infinity":128,"s:410:23:410:Infinity":129,"s:411:8:417:Infinity":130,"s:421:6:427:Infinity":131,"f:431:30:431:31":45,"s:432:4:432:Infinity":132,"f:432:36:432:37":46,"s:432:43:432:72":133,"f:435:27:435:28":47,"s:436:4:436:Infinity":134,"f:436:36:436:37":48,"s:436:43:436:97":135,"b:436:43:436:74:436:74:436:97":35,"f:439:23:439:30":49,"s:441:19:441:Infinity":136,"b:442:4:442:Infinity:undefined:undefined:undefined:undefined":36,"s:442:4:442:Infinity":137,"s:442:16:442:Infinity":138,"s:445:17:445:Infinity":139,"b:446:4:446:Infinity:undefined:undefined:undefined:undefined":37,"s:446:4:446:Infinity":140,"b:446:8:446:16:446:16:446:39":38,"s:446:39:446:Infinity":141,"s:448:4:448:Infinity":142,"s:449:19:449:Infinity":143,"s:450:4:465:Infinity":144,"s:451:18:451:Infinity":145,"b:452:6:462:Infinity:undefined:undefined:undefined:undefined":39,"s:452:6:462:Infinity":146,"s:453:23:453:Infinity":147,"s:454:8:457:Infinity":148,"f:454:12:454:13":50,"s:454:24:457:10":149,"s:459:37:459:Infinity":150,"s:460:8:460:Infinity":151,"b:460:25:460:43:460:43:460:47":40,"b:460:47:460:63:460:63:460:65":41,"s:461:8:461:Infinity":152,"s:466:4:466:Infinity":153,"s:467:4:467:Infinity":154,"f:470:20:470:21":51,"s:471:17:471:Infinity":155,"b:472:4:472:Infinity:undefined:undefined:undefined:undefined":42,"s:472:4:472:Infinity":156,"s:472:15:472:Infinity":157,"s:473:4:473:Infinity":158,"f:476:24:476:30":52,"s:477:41:477:Infinity":159,"b:478:4:478:Infinity:undefined:undefined:undefined:undefined":43,"s:478:4:478:Infinity":160,"s:478:23:478:Infinity":161,"b:480:4:484:Infinity:undefined:undefined:undefined:undefined":44,"s:480:4:484:Infinity":162,"s:482:6:483:Infinity":163,"f:483:16:483:17":53,"s:483:23:483:43":164,"s:486:19:486:Infinity":165,"b:487:4:487:Infinity:undefined:undefined:undefined:undefined":45,"s:487:4:487:Infinity":166,"s:487:17:487:Infinity":167,"s:489:21:489:Infinity":168,"b:489:50:489:68:489:68:489:Infinity":46,"s:490:21:490:Infinity":169,"s:491:20:491:Infinity":170,"f:491:34:491:35":54,"s:491:35:491:59":171,"s:492:4:501:Infinity":172,"f:492:27:492:28":55,"b:493:6:493:Infinity:undefined:undefined:undefined:undefined":47,"s:493:6:493:Infinity":173,"s:493:32:493:Infinity":174,"b:495:6:499:Infinity:undefined:undefined:undefined:undefined":48,"s:495:6:499:Infinity":175,"b:495:10:495:21:495:21:495:Infinity:496:13:496:37:496:37:496:Infinity:497:13:497:40:497:40:497:61":49,"s:498:8:498:Infinity":176,"s:500:6:500:Infinity":177,"f:504:29:504:35":56,"s:505:41:505:Infinity":178,"b:506:4:506:Infinity:undefined:undefined:undefined:undefined":50,"s:506:4:506:Infinity":179,"s:506:23:506:Infinity":180,"s:508:20:508:Infinity":181,"s:509:23:509:Infinity":182,"f:509:43:509:44":57,"s:509:50:509:54":183,"s:511:4:513:Infinity":184,"f:512:6:512:7":58,"s:512:13:512:Infinity":185,"b:512:13:512:41:512:41:512:Infinity":51,"f:516:21:516:22":59,"s:518:19:518:Infinity":186,"b:519:4:519:Infinity:undefined:undefined:undefined:undefined":52,"s:519:4:519:Infinity":187,"s:519:16:519:Infinity":188,"s:521:29:521:Infinity":189,"b:522:4:522:Infinity:undefined:undefined:undefined:undefined":53,"s:522:4:522:Infinity":190,"s:522:23:522:Infinity":191,"s:523:17:523:Infinity":192,"b:524:4:524:Infinity:undefined:undefined:undefined:undefined":54,"s:524:4:524:Infinity":193,"s:524:15:524:Infinity":194,"s:525:4:525:Infinity":195,"f:525:37:525:38":60,"s:525:44:525:71":196,"f:528:23:528:24":61,"s:530:19:530:Infinity":197,"b:531:4:531:Infinity:undefined:undefined:undefined:undefined":55,"s:531:4:531:Infinity":198,"s:531:16:531:Infinity":199,"s:533:29:533:Infinity":200,"b:534:4:534:Infinity:undefined:undefined:undefined:undefined":56,"s:534:4:534:Infinity":201,"s:534:23:534:Infinity":202,"s:535:18:535:Infinity":203,"s:536:22:536:Infinity":204,"f:536:44:536:45":62,"s:536:51:536:60":205,"s:537:4:537:Infinity":206,"f:537:39:537:40":63,"s:537:46:537:65":207,"f:545:9:545:Infinity":64,"b:547:22:547:Infinity":57,"s:549:30:549:Infinity":208,"s:551:2:569:Infinity":209,"b:552:4:567:Infinity:555:4:567:Infinity":58,"s:552:4:567:Infinity":210,"b:552:8:552:35:552:35:552:63":59,"s:554:6:554:Infinity":211,"b:555:4:567:Infinity:558:4:567:Infinity":60,"s:555:4:567:Infinity":212,"b:555:4:555:42:555:37:555:67":61,"s:557:6:557:Infinity":213,"b:558:4:567:Infinity:undefined:undefined:undefined:undefined":62,"s:558:4:567:Infinity":214,"s:561:30:561:Infinity":215,"b:562:6:565:Infinity:undefined:undefined:undefined:undefined":63,"s:562:6:565:Infinity":216,"s:564:8:564:Infinity":217,"s:571:2:571:Infinity":218,"f:576:9:576:Infinity":65,"s:580:20:580:Infinity":219,"f:581:11:581:28":66,"s:582:4:585:Infinity":220,"b:583:6:583:Infinity:undefined:undefined:undefined:undefined":64,"s:583:6:583:Infinity":221,"s:583:32:583:Infinity":222,"s:584:6:584:Infinity":223,"s:587:2:587:Infinity":224,"s:589:32:589:Infinity":225,"s:590:2:597:Infinity":226,"b:591:4:593:Infinity:undefined:undefined:undefined:undefined":65,"s:591:4:593:Infinity":227,"b:591:8:591:37:591:37:591:65":66,"s:592:6:592:Infinity":228,"b:594:4:596:Infinity:undefined:undefined:undefined:undefined":67,"s:594:4:596:Infinity":229,"b:594:8:594:37:594:37:594:65":68,"s:595:6:595:Infinity":230,"s:599:2:599:Infinity":231,"f:605:9:605:28":67,"s:606:30:606:Infinity":232,"s:607:2:613:Infinity":233,"b:608:4:612:Infinity:610:11:612:Infinity":69,"s:608:4:612:Infinity":234,"s:609:6:609:Infinity":235,"s:611:6:611:Infinity":236,"s:614:2:614:Infinity":237,"f:620:9:620:30":68,"s:621:30:621:Infinity":238,"s:623:2:646:Infinity":239,"b:624:4:645:Infinity:627:11:645:Infinity":70,"s:624:4:645:Infinity":240,"s:626:6:626:Infinity":241,"s:629:26:629:Infinity":242,"b:630:6:644:Infinity:641:13:644:Infinity":71,"s:630:6:644:Infinity":243,"s:632:8:632:Infinity":244,"s:634:8:640:Infinity":245,"b:635:10:639:Infinity:undefined:undefined:undefined:undefined":72,"s:635:10:639:Infinity":246,"b:635:14:635:Infinity:636:17:636:Infinity:637:17:637:52":73,"s:638:12:638:Infinity":247,"s:643:8:643:Infinity":248,"s:648:2:648:Infinity":249,"f:651:16:651:Infinity":69,"s:655:21:655:Infinity":250,"b:657:2:668:Infinity:undefined:undefined:undefined:undefined":74,"s:657:2:668:Infinity":251,"s:659:32:659:Infinity":252,"s:660:4:666:Infinity":253,"b:661:6:665:Infinity:663:13:665:Infinity":75,"s:661:6:665:Infinity":254,"b:661:10:661:37:661:37:661:63":76,"s:662:8:662:Infinity":255,"s:664:8:664:Infinity":256,"s:667:4:667:Infinity":257,"s:671:18:671:Infinity":258,"f:671:36:671:37":70,"s:671:37:671:63":259,"s:672:27:672:Infinity":260,"f:672:45:672:46":71,"s:672:46:672:72":261,"s:675:26:675:Infinity":262,"s:679:19:679:Infinity":263,"s:681:2:685:Infinity":264,"b:682:4:684:Infinity:undefined:undefined:undefined:undefined":77,"s:682:4:684:Infinity":265,"s:683:6:683:Infinity":266,"b:691:2:693:Infinity:undefined:undefined:undefined:undefined":78,"s:691:2:693:Infinity":267,"b:691:6:691:28:691:28:691:66:691:66:691:95":79,"s:692:4:692:Infinity":268,"s:695:2:695:Infinity":269}}}
,"/Users/ramerman/dev/solution-explorer/viewer/src/hooks/useLiveMonitor.ts": {"path":"/Users/ramerman/dev/solution-explorer/viewer/src/hooks/useLiveMonitor.ts","statementMap":{"0":{"start":{"line":16,"column":2},"end":{"line":18,"column":null}},"1":{"start":{"line":17,"column":4},"end":{"line":17,"column":null}},"2":{"start":{"line":20,"column":16},"end":{"line":20,"column":null}},"3":{"start":{"line":21,"column":21},"end":{"line":21,"column":null}},"4":{"start":{"line":22,"column":21},"end":{"line":22,"column":null}},"5":{"start":{"line":24,"column":2},"end":{"line":26,"column":null}},"6":{"start":{"line":25,"column":4},"end":{"line":25,"column":null}},"7":{"start":{"line":27,"column":2},"end":{"line":29,"column":null}},"8":{"start":{"line":28,"column":4},"end":{"line":28,"column":null}},"9":{"start":{"line":30,"column":2},"end":{"line":30,"column":null}},"10":{"start":{"line":41,"column":2},"end":{"line":43,"column":null}},"11":{"start":{"line":42,"column":4},"end":{"line":42,"column":null}},"12":{"start":{"line":44,"column":2},"end":{"line":46,"column":null}},"13":{"start":{"line":45,"column":4},"end":{"line":45,"column":null}},"14":{"start":{"line":47,"column":2},"end":{"line":47,"column":null}},"15":{"start":{"line":53,"column":2},"end":{"line":53,"column":null}},"16":{"start":{"line":57,"column":13},"end":{"line":57,"column":null}},"17":{"start":{"line":58,"column":2},"end":{"line":58,"column":null}},"18":{"start":{"line":62,"column":30},"end":{"line":62,"column":null}},"19":{"start":{"line":64,"column":29},"end":{"line":64,"column":null}},"20":{"start":{"line":69,"column":8},"end":{"line":69,"column":null}},"21":{"start":{"line":70,"column":8},"end":{"line":70,"column":null}},"22":{"start":{"line":71,"column":8},"end":{"line":71,"column":null}},"23":{"start":{"line":72,"column":8},"end":{"line":72,"column":null}},"24":{"start":{"line":73,"column":8},"end":{"line":73,"column":null}},"25":{"start":{"line":74,"column":8},"end":{"line":74,"column":null}},"26":{"start":{"line":75,"column":8},"end":{"line":75,"column":null}},"27":{"start":{"line":76,"column":8},"end":{"line":76,"column":null}},"28":{"start":{"line":78,"column":8},"end":{"line":78,"column":null}},"29":{"start":{"line":80,"column":2},"end":{"line":310,"column":null}},"30":{"start":{"line":81,"column":4},"end":{"line":81,"column":null}},"31":{"start":{"line":83,"column":18},"end":{"line":83,"column":null}},"32":{"start":{"line":84,"column":21},"end":{"line":84,"column":null}},"33":{"start":{"line":87,"column":6},"end":{"line":90,"column":null}},"34":{"start":{"line":88,"column":8},"end":{"line":88,"column":null}},"35":{"start":{"line":89,"column":8},"end":{"line":89,"column":null}},"36":{"start":{"line":94,"column":6},"end":{"line":94,"column":null}},"37":{"start":{"line":95,"column":6},"end":{"line":95,"column":null}},"38":{"start":{"line":95,"column":31},"end":{"line":95,"column":null}},"39":{"start":{"line":96,"column":6},"end":{"line":96,"column":null}},"40":{"start":{"line":100,"column":6},"end":{"line":100,"column":null}},"41":{"start":{"line":101,"column":6},"end":{"line":101,"column":null}},"42":{"start":{"line":102,"column":6},"end":{"line":102,"column":null}},"43":{"start":{"line":106,"column":21},"end":{"line":106,"column":null}},"44":{"start":{"line":107,"column":6},"end":{"line":107,"column":null}},"45":{"start":{"line":107,"column":42},"end":{"line":107,"column":null}},"46":{"start":{"line":109,"column":6},"end":{"line":109,"column":null}},"47":{"start":{"line":112,"column":6},"end":{"line":114,"column":null}},"48":{"start":{"line":113,"column":8},"end":{"line":113,"column":null}},"49":{"start":{"line":116,"column":6},"end":{"line":195,"column":null}},"50":{"start":{"line":118,"column":48},"end":{"line":118,"column":null}},"51":{"start":{"line":119,"column":8},"end":{"line":121,"column":null}},"52":{"start":{"line":120,"column":10},"end":{"line":120,"column":null}},"53":{"start":{"line":123,"column":27},"end":{"line":123,"column":null}},"54":{"start":{"line":125,"column":8},"end":{"line":125,"column":null}},"55":{"start":{"line":125,"column":33},"end":{"line":125,"column":null}},"56":{"start":{"line":127,"column":8},"end":{"line":137,"column":null}},"57":{"start":{"line":129,"column":10},"end":{"line":129,"column":null}},"58":{"start":{"line":130,"column":10},"end":{"line":130,"column":null}},"59":{"start":{"line":131,"column":27},"end":{"line":134,"column":null}},"60":{"start":{"line":135,"column":10},"end":{"line":135,"column":null}},"61":{"start":{"line":136,"column":10},"end":{"line":136,"column":null}},"62":{"start":{"line":139,"column":8},"end":{"line":188,"column":null}},"63":{"start":{"line":140,"column":10},"end":{"line":140,"column":null}},"64":{"start":{"line":142,"column":39},"end":{"line":142,"column":null}},"65":{"start":{"line":143,"column":26},"end":{"line":143,"column":null}},"66":{"start":{"line":144,"column":10},"end":{"line":144,"column":null}},"67":{"start":{"line":144,"column":23},"end":{"line":144,"column":null}},"68":{"start":{"line":146,"column":10},"end":{"line":146,"column":null}},"69":{"start":{"line":149,"column":43},"end":{"line":152,"column":null}},"70":{"start":{"line":154,"column":10},"end":{"line":154,"column":null}},"71":{"start":{"line":154,"column":35},"end":{"line":154,"column":null}},"72":{"start":{"line":157,"column":10},"end":{"line":173,"column":null}},"73":{"start":{"line":158,"column":29},"end":{"line":158,"column":null}},"74":{"start":{"line":159,"column":39},"end":{"line":163,"column":null}},"75":{"start":{"line":164,"column":12},"end":{"line":164,"column":null}},"76":{"start":{"line":165,"column":12},"end":{"line":165,"column":null}},"77":{"start":{"line":168,"column":12},"end":{"line":172,"column":null}},"78":{"start":{"line":169,"column":14},"end":{"line":169,"column":null}},"79":{"start":{"line":176,"column":10},"end":{"line":179,"column":null}},"80":{"start":{"line":177,"column":43},"end":{"line":177,"column":null}},"81":{"start":{"line":178,"column":12},"end":{"line":178,"column":null}},"82":{"start":{"line":181,"column":10},"end":{"line":181,"column":null}},"83":{"start":{"line":182,"column":10},"end":{"line":182,"column":null}},"84":{"start":{"line":183,"column":10},"end":{"line":183,"column":null}},"85":{"start":{"line":185,"column":27},"end":{"line":185,"column":null}},"86":{"start":{"line":186,"column":10},"end":{"line":186,"column":null}},"87":{"start":{"line":187,"column":10},"end":{"line":187,"column":null}},"88":{"start":{"line":191,"column":8},"end":{"line":191,"column":null}},"89":{"start":{"line":193,"column":8},"end":{"line":193,"column":null}},"90":{"start":{"line":193,"column":33},"end":{"line":193,"column":null}},"91":{"start":{"line":194,"column":8},"end":{"line":194,"column":null}},"92":{"start":{"line":199,"column":21},"end":{"line":199,"column":null}},"93":{"start":{"line":200,"column":6},"end":{"line":200,"column":null}},"94":{"start":{"line":200,"column":19},"end":{"line":200,"column":null}},"95":{"start":{"line":202,"column":6},"end":{"line":202,"column":null}},"96":{"start":{"line":204,"column":34},"end":{"line":207,"column":null}},"97":{"start":{"line":209,"column":6},"end":{"line":231,"column":null}},"98":{"start":{"line":210,"column":8},"end":{"line":210,"column":null}},"99":{"start":{"line":211,"column":8},"end":{"line":211,"column":null}},"100":{"start":{"line":212,"column":6},"end":{"line":231,"column":null}},"101":{"start":{"line":213,"column":8},"end":{"line":213,"column":null}},"102":{"start":{"line":215,"column":8},"end":{"line":223,"column":null}},"103":{"start":{"line":216,"column":10},"end":{"line":216,"column":null}},"104":{"start":{"line":217,"column":10},"end":{"line":217,"column":null}},"105":{"start":{"line":220,"column":10},"end":{"line":220,"column":null}},"106":{"start":{"line":221,"column":28},"end":{"line":221,"column":null}},"107":{"start":{"line":222,"column":10},"end":{"line":222,"column":null}},"108":{"start":{"line":226,"column":25},"end":{"line":229,"column":null}},"109":{"start":{"line":230,"column":8},"end":{"line":230,"column":null}},"110":{"start":{"line":235,"column":21},"end":{"line":235,"column":null}},"111":{"start":{"line":236,"column":6},"end":{"line":236,"column":null}},"112":{"start":{"line":236,"column":19},"end":{"line":236,"column":null}},"113":{"start":{"line":238,"column":6},"end":{"line":262,"column":null}},"114":{"start":{"line":239,"column":8},"end":{"line":239,"column":null}},"115":{"start":{"line":240,"column":8},"end":{"line":240,"column":null}},"116":{"start":{"line":242,"column":8},"end":{"line":244,"column":null}},"117":{"start":{"line":243,"column":10},"end":{"line":243,"column":null}},"118":{"start":{"line":246,"column":31},"end":{"line":248,"column":null}},"119":{"start":{"line":249,"column":8},"end":{"line":249,"column":null}},"120":{"start":{"line":251,"column":8},"end":{"line":261,"column":null}},"121":{"start":{"line":253,"column":10},"end":{"line":253,"column":null}},"122":{"start":{"line":256,"column":27},"end":{"line":259,"column":null}},"123":{"start":{"line":260,"column":10},"end":{"line":260,"column":null}},"124":{"start":{"line":266,"column":6},"end":{"line":300,"column":null}},"125":{"start":{"line":267,"column":20},"end":{"line":267,"column":null}},"126":{"start":{"line":268,"column":8},"end":{"line":268,"column":null}},"127":{"start":{"line":268,"column":34},"end":{"line":268,"column":null}},"128":{"start":{"line":269,"column":8},"end":{"line":269,"column":null}},"129":{"start":{"line":269,"column":33},"end":{"line":269,"column":null}},"130":{"start":{"line":271,"column":35},"end":{"line":271,"column":null}},"131":{"start":{"line":272,"column":8},"end":{"line":272,"column":null}},"132":{"start":{"line":272,"column":29},"end":{"line":272,"column":null}},"133":{"start":{"line":274,"column":8},"end":{"line":274,"column":null}},"134":{"start":{"line":275,"column":8},"end":{"line":275,"column":null}},"135":{"start":{"line":278,"column":8},"end":{"line":290,"column":null}},"136":{"start":{"line":279,"column":25},"end":{"line":279,"column":null}},"137":{"start":{"line":280,"column":10},"end":{"line":287,"column":null}},"138":{"start":{"line":281,"column":39},"end":{"line":281,"column":null}},"139":{"start":{"line":283,"column":12},"end":{"line":286,"column":null}},"140":{"start":{"line":284,"column":14},"end":{"line":284,"column":null}},"141":{"start":{"line":285,"column":14},"end":{"line":285,"column":null}},"142":{"start":{"line":293,"column":8},"end":{"line":295,"column":null}},"143":{"start":{"line":294,"column":10},"end":{"line":294,"column":null}},"144":{"start":{"line":297,"column":8},"end":{"line":297,"column":null}},"145":{"start":{"line":303,"column":4},"end":{"line":303,"column":null}},"146":{"start":{"line":305,"column":4},"end":{"line":309,"column":null}},"147":{"start":{"line":306,"column":6},"end":{"line":306,"column":null}},"148":{"start":{"line":307,"column":6},"end":{"line":307,"column":null}},"149":{"start":{"line":308,"column":6},"end":{"line":308,"column":null}}},"fnMap":{"0":{"name":"calculatePollInterval","decl":{"start":{"line":12,"column":16},"end":{"line":12,"column":null}},"loc":{"start":{"line":15,"column":10},"end":{"line":31,"column":null}},"line":15},"1":{"name":"getCircuitBreakerDelay","decl":{"start":{"line":37,"column":16},"end":{"line":37,"column":null}},"loc":{"start":{"line":40,"column":66},"end":{"line":48,"column":null}},"line":40},"2":{
[...]
ne":87,"column":49},"end":{"line":87,"column":65}},"line":87},"7":{"name":"getTypeColors","decl":{"start":{"line":152,"column":16},"end":{"line":152,"column":30}},"loc":{"start":{"line":152,"column":66},"end":{"line":155,"column":null}},"line":152},"8":{"name":"getRoleBadgeColors","decl":{"start":{"line":205,"column":16},"end":{"line":205,"column":35}},"loc":{"start":{"line":205,"column":72},"end":{"line":221,"column":null}},"line":205},"9":{"name":"getLanguageColor","decl":{"start":{"line":243,"column":16},"end":{"line":243,"column":33}},"loc":{"start":{"line":243,"column":55},"end":{"line":245,"column":null}},"line":243},"10":{"name":"formatBytes","decl":{"start":{"line":248,"column":16},"end":{"line":248,"column":28}},"loc":{"start":{"line":248,"column":51},"end":{"line":254,"column":null}},"line":248},"11":{"name":"formatNumber","decl":{"start":{"line":257,"column":16},"end":{"line":257,"column":29}},"loc":{"start":{"line":257,"column":48},"end":{"line":259,"column":null}},"line":257},"12":{"name":"formatRelativeTime","decl":{"start":{"line":262,"column":16},"end":{"line":262,"column":35}},"loc":{"start":{"line":262,"column":62},"end":{"line":276,"column":null}},"line":262},"13":{"name":"getEdgeCategory","decl":{"start":{"line":282,"column":16},"end":{"line":282,"column":32}},"loc":{"start":{"line":282,"column":60},"end":{"line":288,"column":null}},"line":282},"14":{"name":"getEdgeStyle","decl":{"start":{"line":306,"column":16},"end":{"line":306,"column":29}},"loc":{"start":{"line":306,"column":43},"end":{"line":308,"column":null}},"line":306},"15":{"name":"computeOptimalHandles","decl":{"start":{"line":312,"column":16},"end":{"line":312,"column":null}},"loc":{"start":{"line":317,"column":50},"end":{"line":356,"column":null}},"line":317},"16":{"name":"isHeroType","decl":{"start":{"line":375,"column":16},"end":{"line":375,"column":27}},"loc":{"start":{"line":375,"column":50},"end":{"line":377,"column":null}},"line":375},"17":{"name":"isClientType","decl":{"start":{"line":397,"column":16},"end":{"line":397,"column":29}},"loc":{"start":{"line":397,"column":52},"end":{"line":399,"column":null}},"line":397},"18":{"name":"isServerType","decl":{"start":{"line":401,"column":16},"end":{"line":401,"column":29}},"loc":{"start":{"line":401,"column":52},"end":{"line":403,"column":null}},"line":401},"19":{"name":"getHeroGlow","decl":{"start":{"line":422,"column":16},"end":{"line":422,"column":28}},"loc":{"start":{"line":422,"column":65},"end":{"line":427,"column":null}},"line":422}},"branchMap":{"0":{"loc":{"start":{"line":31,"column":9},"end":{"line":31,"column":null}},"type":"binary-expr","locations":[{"start":{"line":31,"column":9},"end":{"line":31,"column":32}},{"start":{"line":31,"column":32},"end":{"line":31,"column":null}}],"line":31},"1":{"loc":{"start":{"line":37,"column":2},"end":{"line":37,"column":null}},"type":"default-arg","locations":[{"start":{"line":37,"column":32},"end":{"line":37,"column":null}}],"line":37},"2":{"loc":{"start":{"line":41,"column":19},"end":{"line":41,"column":null}},"type":"binary-expr","locations":[{"start":{"line":41,"column":19},"end":{"line":41,"column":84}},{"start":{"line":41,"column":84},"end":{"line":41,"column":null}}],"line":41},"3":{"loc":{"start":{"line":42,"column":19},"end":{"line":42,"column":null}},"type":"binary-expr","locations":[{"start":{"line":42,"column":19},"end":{"line":42,"column":84}},{"start":{"line":42,"column":84},"end":{"line":42,"column":null}}],"line":42},"4":{"loc":{"start":{"line":70,"column":13},"end":{"line":70,"column":null}},"type":"binary-expr","locations":[{"start":{"line":70,"column":13},"end":{"line":70,"column":37}},{"start":{"line":70,"column":37},"end":{"line":70,"column":null}}],"line":70},"5":{"loc":{"start":{"line":71,"column":14},"end":{"line":71,"column":null}},"type":"binary-expr","locations":[{"start":{"line":71,"column":14},"end":{"line":71,"column":39}},{"start":{"line":71,"column":39},"end":{"line":71,"column":null}}],"line":71},"6":{"loc":{"start":{"line":88,"column":4},"end":{"line":96,"column":null}},"type":"if","locations":[{"start":{"line":88,"column":4},"end":{"line":96,"column":null}},{"start":{},"end":{}}],"line":88},"7":{"loc":{"start":{"line":92,"column":13},"end":{"line":92,"column":null}},"type":"binary-expr","locations":[{"start":{"line":92,"column":13},"end":{"line":92,"column":26}},{"start":{"line":92,"column":26},"end":{"line":92,"column":null}}],"line":92},"8":{"loc":{"start":{"line":93,"column":13},"end":{"line":93,"column":null}},"type":"binary-expr","locations":[{"start":{"line":93,"column":13},"end":{"line":93,"column":26}},{"start":{"line":93,"column":26},"end":{"line":93,"column":null}}],"line":93},"9":{"loc":{"start":{"line":152,"column":44},"end":{"line":152,"column":66}},"type":"default-arg","locations":[{"start":{"line":152,"column":60},"end":{"line":152,"column":66}}],"line":152},"10":{"loc":{"start":{"line":153,"column":14},"end":{"line":153,"column":null}},"type":"cond-expr","locations":[{"start":{"line":153,"column":21},"end":{"line":153,"column":35}},{"start":{"line":153,"column":35},"end":{"line":153,"column":null}}],"line":153},"11":{"loc":{"start":{"line":154,"column":9},"end":{"line":154,"column":null}},"type":"binary-expr","locations":[{"start":{"line":154,"column":9},"end":{"line":154,"column":22}},{"start":{"line":154,"column":22},"end":{"line":154,"column":null}}],"line":154},"12":{"loc":{"start":{"line":219,"column":2},"end":{"line":219,"column":null}},"type":"if","locations":[{"start":{"line":219,"column":2},"end":{"line":219,"column":null}},{"start":{},"end":{}}],"line":219},"13":{"loc":{"start":{"line":219,"column":21},"end":{"line":219,"column":null}},"type":"cond-expr","locations":[{"start":{"line":219,"column":28},"end":{"line":219,"column":42}},{"start":{"line":219,"column":42},"end":{"line":219,"column":null}}],"line":219},"14":{"loc":{"start":{"line":220,"column":9},"end":{"line":220,"column":null}},"type":"cond-expr","locations":[{"start":{"line":220,"column":16},"end":{"line":220,"column":49}},{"start":{"line":220,"column":49},"end":{"line":220,"column":null}}],"line":220},"15":{"loc":{"start":{"line":244,"column":9},"end":{"line":244,"column":null}},"type":"binary-expr","locations":[{"start":{"line":244,"column":9},"end":{"line":244,"column":30}},{"start":{"line":244,"column":30},"end":{"line":244,"column":null}}],"line":244},"16":{"loc":{"start":{"line":249,"column":2},"end":{"line":249,"column":null}},"type":"if","locations":[{"start":{"line":249,"column":2},"end":{"line":249,"column":null}},{"start":{},"end":{}}],"line":249},"17":{"loc":{"start":{"line":271,"column":2},"end":{"line":271,"column":null}},"type":"if","locations":[{"start":{"line":271,"column":2},"end":{"line":271,"column":null}},{"start":{},"end":{}}],"line":271},"18":{"loc":{"start":{"line":272,"column":2},"end":{"line":272,"column":null}},"type":"if","locations":[{"start":{"line":272,"column":2},"end":{"line":272,"column":null}},{"start":{},"end":{}}],"line":272},"19":{"loc":{"start":{"line":273,"column":2},"end":{"line":273,"column":null}},"type":"if","locations":[{"start":{"line":273,"column":2},"end":{"line":273,"column":null}},{"start":{},"end":{}}],"line":273},"20":{"loc":{"start":{"line":274,"column":2},"end":{"line":274,"column":null}},"type":"if","locations":[{"start":{"line":274,"column":2},"end":{"line":274,"column":null}},{"start":{},"end":{}}],"line":274},"21":{"loc":{"start":{"line":283,"column":2},"end":{"line":285,"column":null}},"type":"if","locations":[{"start":{"line":283,"column":2},"end":{"line":285,"column":null}},{"start":{},"end":{}}],"line":283},"22":{"loc":{"start":{"line":307,"column":9},"end":{"line":307,"column":null}},"type":"binary-expr","locations":[{"start":{"line":307,"column":9},"end":{"line":307,"column":30}},{"start":{"line":307,"column":30},"end":{"line":307,"column":null}}],"line":307},"23":{"loc":{"start":{"line":335,"column":2},"end":{"line":353,"column":null}},"type":"if","locations":[{"start":{"line":335,"column":2},"end":{"line":353,"column":null}},{"start":{"line":344,"column":9},"end":{"line":353,"column":null}}],"line":335},"24":{"loc":{"start":{"line":337,"column":4},"end":{"line":343,"column":null}},"type":"if","locations":[{"start":{"line":337,"column":4},"end":{"line":343,"column":null}},{"start":{"line":340,"column":11},"end":{"line":343,"column":null}}],"line":337},"25":{"loc":{"start":{"line":346,"column":4},"end":{"line":352,"column":null}},"type":"if","locations":[{"start":{"line":346,"column":4},"end":{"line":352,"column":null}},{"start":{"line":349,"column":11},"end":{"line":352,"column":null}}],"line":346},"26":{"loc":{"start":{"line":424,"column":2},"end":{"line":424,"column":null}},"type":"if","locations":[{"start":{"line":424,"column":2},"end":{"line":424,"column":null}},{"start":{},"end":{}}],"line":424},"27":{"loc":{"start":{"line":425,"column":16},"end":{"line":425,"column":null}},"type":"cond-expr","locations":[{"start":{"line":425,"column":23},"end":{"line":425,"column":35}},{"start":{"line":425,"column":35},"end":{"line":425,"column":null}}],"line":425}},"s":{"0":2,"1":2,"2":2,"3":2,"4":0,"5":0,"6":0,"7":0,"8":0,"9":0,"10":0,"11":0,"12":0,"13":0,"14":0,"15":0,"16":0,"17":0,"18":0,"19":0,"20":2,"21":2,"22":0,"23":0,"24":2,"25":2,"26":0,"27":0,"28":0,"29":0,"30":0,"31":2,"32":0,"33":0,"34":0,"35":0,"36":0,"37":0,"38":0,"39":0,"40":0,"41":0,"42":0,"43":0,"44":0,"45":0,"46":0,"47":0,"48":0,"49":0,"50":0,"51":0,"52":0,"53":0,"54":0,"55":0,"56":0,"57":0,"58":0,"59":2,"60":0,"61":0,"62":0,"63":0,"64":0,"65":0,"66":0,"67":0,"68":0,"69":0,"70":0,"71":0,"72":0,"73":0,"74":0,"75":0,"76":0,"77":0,"78":0,"79":0,"80":0,"81":2,"82":4,"83":2,"84":2,"85":7,"86":7,"87":2,"88":0,"89":0,"90":0,"91":0,"92":0},"f":{"0":0,"1":0,"2":0,"3":0,"4":0,"5":0,"6":0,"7":0,"8":0,"9":0,"10":0,"11":0,"12":0,"13":0,"14":0,"15":0,"16":4,"17":7,"18":7,"19":0},"b":{"0":[0,0],"1":[0],"2":[0,0],"3":[0,0],"4":[0,0],"5":[0,0],"6":[0,0],"7":[0,0],"8":[0,0],"9":[0],"10":[0,0],"11":[0,0],"12":[0,0],"13":[0,0],"14":[0,0],"15":[0,0],"16":[0,0],"17":[0,0],"18":[0,0],"19":[0,0],"20":[0,0],"21":[0,0],"22":[0,0],"23":[0,0],"24":[0,0],"25":[0,0],"26":[0,0],"27":[0,0]},"meta":{"lastBranch":28,"lastFunction":20,"lastStatement":93,"seen":{"s:4:12:4:Infinity":0,"s:8:27:8:Infinity":1,"s:9:28:9:Infinity":2,"s:13:46:28:Infinity":3,"f:30:9:30:25":0,"s:31:2:31:Infinity":4,"b:31:9:31:32:31:32:31:Infinity":0,"f:34:22:34:Infinity":1,"b:37:32:37:Infinity":1,"s:40:22:44:Infinity":5,"f:40:38:40:39":2,"s:41:19:41:Infinity":6,"b:41:19:41:84:41:84:41:Infinity":2,"s:42:19:42:Infinity":7,"b:42:19:42:84:42:84:42:Infinity":3,"s:43:4:43:Infinity":8,"s:46:19:82:Infinity":9,"f:68:30:68:31":3,"s:68:48:76:6":10,"b:70:13:70:37:70:37:70:Infinity":4,"b:71:14:71:39:71:39:71:Infinity":5,"f:77:21:77:22":4,"s:77:32:81:6":11,"s:84:17:84:Infinity":12,"s:86:24:98:Infinity":13,"f:86:34:86:35":5,"s:87:20:87:Infinity":14,"f:87:42:87:43":6,"s:87:49:87:65":15,"b:88:4:96:Infinity:undefined:undefined:undefined:undefined":6,"s:88:4:96:Infinity":16,"s:89:6:95:Infinity":17,"b:92:13:92:26:92:26:92:Infinity":7,"b:93:13:93:26:93:26:93:Infinity":8,"s:97:4:97:Infinity":18,"s:100:2:100:Infinity":19,"s:104:97:126:Infinity":20,"s:128:103:150:Infinity":21,"f:152:16:152:30":7,"b:152:60:152:66":9,"s:153:14:153:Infinity":22,"b:153:21:153:35:153:35:153:Infinity":10,"s:154:2:154:Infinity":23,"b:154:9:154:22:154:22:154:Infinity":11,"s:158:74:180:Infinity":24,"s:183:74:203:Infinity":25,"f:205:16:205:35":8,"s:206:72:217:Infinity":26,"s:218:17:218:Infinity":27,"b:219:2:219:Infinity:undefined:undefined:undefined:undefined":12,"s:219:2:219:Infinity":28,"s:219:14:219:Infinity":29,"b:219:28:219:42:219:42:219:Infinity":13,"s:220:2:220:Infinity":30,"b:220:16:220:49:220:49:220:Infinity":14,"s:224:44:241:Infinity":31,"f:243:16:243:33":9,"s:244:2:244:Infinity":32,"b:244:9:244:30:244:30:244:Infinity":15,"f:248:16:248:28":10,"b:249:2:249:Infinity:undefined:undefined:undefined:undefined":16,"s:249:2:249:Infinity":33,"s:249:19:249:Infinity":34,"s:250:12:250:Infinity":35,"s:251:16:251:Infinity":36,"s:252:12:252:Infinity":37,"s:253:2:253:Infinity":38,"f:257:16:257:29":11,"s:258:2:258:Infinity":39,"f:262:16:262:35":12,"s:263:15:263:Infinity":40,"s:264:14:264:Infinity":41,"s:265:17:265:Infinity":42,"s:266:18:266:Infinity":43,"s:267:18:267:Infinity":44,"s:268:17:268:Infinity":45,"s:269:18:269:Infinity":46,"b:271:2:271:Infinity:undefined:undefined:undefined:undefined":17,"s:271:2:271:Infinity":47,"s:271:20:271:Infinity":48,"b:272:2:272:Infinity:undefined:undefined:undefined:undefined":18,"s:272:2:272:Infinity":49,"s:272:20:272:Infinity":50,"b:273:2:273:Infinity:undefined:undefined:undefined:undefined":19,"s:273:2:273:Infinity":51,"s:273:19:273:Infinity":52,"b:274:2:274:Infinity:undefined:undefined:undefined:undefined":20,"s:274:2:274:Infinity":53,"s:274:19:274:Infinity":54,"s:275:2:275:Infinity":55,"f:282:16:282:32":13,"b:283:2:285:Infinity:undefined:undefined:undefined:undefined":21,"s:283:2:285:Infinity":56,"s:284:4:284:Infinity":57,"s:287:2:287:Infinity":58,"s:293:109:304:Infinity":59,"f:306:16:306:29":14,"s:307:2:307:Infinity":60,"b:307:9:307:30:307:30:307:Infinity":22,"f:312:16:312:Infinity":15,"s:319:13:319:Infinity":61,"s:320:13:320:Infinity":62,"s:321:13:321:Infinity":63,"s:322:13:322:Infinity":64,"s:324:13:324:Infinity":65,"s:325:13:325:Infinity":66,"s:329:16:329:Infinity":67,"s:330:16:330:Infinity":68,"b:335:2:353:Infinity:344:9:353:Infinity":23,"s:335:2:353:Infinity":69,"b:337:4:343:Infinity:340:11:343:Infinity":24,"s:337:4:343:Infinity":70,"s:338:6:338:Infinity":71,"s:339:6:339:Infinity":72,"s:341:6:341:Infinity":73,"s:342:6:342:Infinity":74,"b:346:4:352:Infinity:349:11:352:Infinity":25,"s:346:4:352:Infinity":75,"s:347:6:347:Infinity":76,"s:348:6:348:Infinity":77,"s:350:6:350:Infinity":78,"s:351:6:351:Infinity":79,"s:355:2:355:Infinity":80,"s:359:26:373:Infinity":81,"f:375:16:375:27":16,"s:376:2:376:Infinity":82,"s:381:28:389:Infinity":83,"s:392:28:395:Infinity":84,"f:397:16:397:29":17,"s:398:2:398:Infinity":85,"f:401:16:401:29":18,"s:402:2:402:Infinity":86,"s:406:67:420:Infinity":87,"f:422:16:422:28":19,"s:423:15:423:Infinity":88,"b:424:2:424:Infinity:undefined:undefined:undefined:undefined":26,"s:424:2:424:Infinity":89,"s:424:13:424:Infinity":90,"s:425:16:425:Infinity":91,"b:425:23:425:35:425:35:425:Infinity":27,"s:426:2:426:Infinity":92}}}
,"/Users/ramerman/dev/solution-explorer/viewer/src/utils/search.ts": {"path":"/Users/ramerman/dev/solution-explorer/viewer/src/utils/search.ts","statementMap":{"0":{"start":{"line":15,"column":47},"end":{"line":15,"column":null}},"1":{"start":{"line":16,"column":33},"end":{"line":16,"column":null}},"2":{"start":{"line":19,"column":2},"end":{"line":19,"column":null}},"3":{"start":{"line":23,"column":4},"end":{"line":34,"column":null}},"4":{"start":{"line":24,"column":6},"end":{"line":32,"column":null}},"5":{"start":{"line":33,"column":6},"end":{"line":33,"column":null}},"6":{"start":{"line":36,"column":2},"end":{"line":36,"column":null}},"7":{"start":{"line":39,"column":2},"end":{"line":50,"column":null}},"8":{"start":{"line":40,"column":17},"end":{"line":40,"column":null}},"9":{"start":{"line":41,"column":4},"end":{"line":49,"column":null}},"10":{"start":{"line":53,"column":2},"end":{"line":62,"column":null}},"11":{"start":{"line":54,"column":4},"end":{"line":61,"column":null}},"12":{"start":{"line":64,"column":2},"end":{"line":73,"column":null}},"13":{"start":{"line":78,"column":2},"end":{"line":89,"column":null}},"14":{"start":{"line":79,"column":17},"end":{"line":79,"column":null}},"15":{"start":{"line":80,"column":4},"end":{"line":88,"column":null}},"16":{"start":{"line":92,"column":2},"end":{"line":101,"column":null}},"17":{"start":{"line":93,"column":4},"end":{"line":100,"column":null}},"18":{"start":{"line":104,"column":2},"end":{"line":113,"column":null}},"19":{"start":{"line":117,"column":2},"end":{"line":117,"column":null}},"20":{"start":{"line":117,"column":39},"end":{"line":117,"column":null}},"21":{"start":{"line":119,"column":2},"end":{"line":125,"column":null}},"22":{"start":{"line":122,"column":17},"end":{"line":125,"column":6}}},"fnMap":{"0":{"name":"initializeSearch","decl":{"start":{"line":18,"column":16},"end":{"line":18,"column":33}},"loc":{"start":{"line":18,"column":53},"end":{"line":74,"column":null}},"line":18},"1":{"name":"indexComponents","decl":{"start":{"line":22,"column":11},"end":{"line":22,"column":27}},"loc":{"start":{"line":22,"column":52},"end":{"line":35,"column":null}},"line":22},"2":{"name":"addToSearchIndex","decl":{"start":{"line":76,"column":16},"end":{"line":76,"column":33}},"loc":{"start":{"line":76,"column":71},"end":{"line":114,"column":null}},"line":76},"3":{"name":"search","decl":{"start":{"line":116,"column":16},"end":{"line":116,"column":23}},"loc":{"start":{"line":116,"column":74},"end":{"line":126,"column":null}},"line":116},"4":{"name":"(anonymous_4)","decl":{"start":{"line":122,"column":9},"end":{"line":122,"column":10}},"loc":{"start":{"line":122,"column":17},"end":{"line":125,"column":6}},"line":122}},"branchMap":{"0":{"loc":{"start":{"line":30,"column":18},"end":{"line":30,"column":null}},"type":"binary-expr","locations":[{"start":{"line":30,"column":18},"end":{"line":30,"column":35}},{"start":{"line":30,"column":35},"end":{"line":30,"column":null}}],"line":30},"1":{"loc":{"start":{"line":40,"column":17},"end":{"line":40,"column":null}},"type":"binary-expr","locations":[{"start":{"line":40,"column":17},"end":{"line":40,"column":47}},{"start":{"line":40,"column":47},"end":{"line":40,"column":null}}],"line":40},"2":{"loc":{"start":{"line":79,"column":17},"end":{"line":79,"column":null}},"type":"binary-expr","locations":[{"start":{"line":79,"column":17},"end":{"line":79,"column":47}},{"start":{"line":79,"column":47},"end":{"line":79,"column":null}}],"line":79},"3":{"loc":{"start":{"line":116,"column":38},"end":{"line":116,"column":74}},"type":"default-arg","locations":[{"start":{"line":116,"column":54},"end":{"line":116,"column":74}}],"line":116},"4":{"loc":{"start":{"line":117,"column":2},"end":{"line":117,"column":null}},"type":"if","locations":[{"start":{"line":117,"column":2},"end":{"line":117,"column":null}},{"start":{},"end":{}}],"line":117},"5":{"loc":{"start":{"line":117,"column":6},"end":{"line":117,"column":39}},"type":"binary-expr","locations":[{"start":{"line":117,"column":6},"end":{"line":117,"column":24}},{"start":{"line":117,"column":24},"end":{"line":117,"column":39}}],"line":117},"6":{"loc":{"start":{"line":124,"column":13},"end":{"line":124,"column":null}},"type":"binary-expr","locations":[{"start":{"line":124,"column":13},"end":{"line":124,"column":24}},{"start":{"line":124,"column":24},"end":{"line":124,"column":null}}],"line":124}},"s":{"0":1,"1":1,"2":2,"3":2,"4":0,"5":0,"6":2,"7":2,"8":0,"9":0,"10":2,"11":0,"12":2,"13":0,"14":0,"15":0,"16":0,"17":0,"18":0,"19":0,"20":0,"21":0,"22":0},"f":{"0":2,"1":2,"2":0,"3":0,"4":0},"b":{"0":[0,0],"1":[0,0],"2":[0,0],"3":[0],"4":[0,0],"5":[0,0],"6":[0,0]},"meta":{"lastBranch":7,"lastFunction":5,"lastStatement":23,"seen":{"s:15:47:15:Infinity":0,"s:16:33:16:Infinity":1,"f:18:16:18:33":0,"s:19:2:19:Infinity":2,"f:22:11:22:27":1,"s:23:4:34:Infinity":3,"s:24:6:32:Infinity":4,"b:30:18:30:35:30:35:30:Infinity":0,"s:33:6:33:Infinity":5,"s:36:2:36:Infinity":6,"s:39:2:50:Infinity":7,"s:40:17:40:Infinity":8,"b:40:17:40:47:40:47:40:Infinity":1,"s:41:4:49:Infinity":9,"s:53:2:62:Infinity":10,"s:54:4:61:Infinity":11,"s:64:2:73:Infinity":12,"f:76:16:76:33":2,"s:78:2:89:Infinity":13,"s:79:17:79:Infinity":14,"b:79:17:79:47:79:47:79:Infinity":2,"s:80:4:88:Infinity":15,"s:92:2:101:Infinity":16,"s:93:4:100:Infinity":17,"s:104:2:113:Infinity":18,"f:116:16:116:23":3,"b:116:54:116:74":3,"b:117:2:117:Infinity:undefined:undefined:undefined:undefined":4,"s:117:2:117:Infinity":19,"b:117:6:117:24:117:24:117:39":5,"s:117:39:117:Infinity":20,"s:119:2:125:Infinity":21,"f:122:9:122:10":4,"s:122:17:125:6":22,"b:124:13:124:24:124:24:124:Infinity":6}}}
}
